<?xml version="1.0" encoding="UTF-8"?>
<!-- Generated by org.testng.reporters.JUnitReportReporter -->
<testsuite skipped="0" hostname="Soumajits-MacBook-Pro.local" name="com.pj.loyalty.testcases.HomePageTestCase" tests="6" failures="0" timestamp="25 Apr 2018 04:34:42 GMT" time="68.134" errors="3">
  <testcase name="verifyEnglishLocale" time="12.792" classname="com.pj.loyalty.testcases.HomePageTestCase">
    <error type="java.lang.StackOverflowError">
      <![CDATA[java.lang.StackOverflowError
	at java.nio.CharBuffer.<init>(CharBuffer.java:281)
	at java.nio.HeapCharBuffer.<init>(HeapCharBuffer.java:70)
	at java.nio.CharBuffer.wrap(CharBuffer.java:373)
	at sun.nio.cs.StreamEncoder.implWrite(StreamEncoder.java:265)
	at sun.nio.cs.StreamEncoder.write(StreamEncoder.java:125)
	at java.io.OutputStreamWriter.write(OutputStreamWriter.java:207)
	at java.io.BufferedWriter.flushBuffer(BufferedWriter.java:129)
	at java.io.PrintStream.write(PrintStream.java:526)
	at java.io.PrintStream.print(PrintStream.java:669)
	at java.io.PrintStream.println(PrintStream.java:806)
	at com.pj.loyalty.util.WebEventListener.onException(WebEventListener.java:55)
	at sun.reflect.GeneratedMethodAccessor1.invoke(Unknown Source)
	at sun.reflect.DelegatingMethodAccessorImpl.invoke(DelegatingMethodAccessorImpl.java:43)
	at java.lang.reflect.Method.invoke(Method.java:498)
	at org.openqa.selenium.support.events.EventFiringWebDriver$1.invoke(EventFiringWebDriver.java:82)
	at com.sun.proxy.$Proxy7.onException(Unknown Source)
	at org.openqa.selenium.support.events.EventFiringWebDriver$2.invoke(EventFiringWebDriver.java:107)
	at com.sun.proxy.$Proxy8.getScreenshotAs(Unknown Source)
	at org.openqa.selenium.support.events.EventFiringWebDriver.getScreenshotAs(EventFiringWebDriver.java:288)
	at com.pj.loyalty.util.TestUtil.takeScreenshotAtEndOfTest(TestUtil.java:57)
	at com.pj.loyalty.util.WebEventListener.onException(WebEventListener.java:57)
	at sun.reflect.GeneratedMethodAccessor1.invoke(Unknown Source)
	at sun.reflect.DelegatingMethodAccessorImpl.invoke(DelegatingMethodAccessorImpl.java:43)
	at java.lang.reflect.Method.invoke(Method.java:498)
	at org.openqa.selenium.support.events.EventFiringWebDriver$1.invoke(EventFiringWebDriver.java:82)
	at com.sun.proxy.$Proxy7.onException(Unknown Source)
	at org.openqa.selenium.support.events.EventFiringWebDriver$2.invoke(EventFiringWebDriver.java:107)
	at com.sun.proxy.$Proxy8.getScreenshotAs(Unknown Source)
	at org.openqa.selenium.support.events.EventFiringWebDriver.getScreenshotAs(EventFiringWebDriver.java:288)
	at com.pj.loyalty.util.TestUtil.takeScreenshotAtEndOfTest(TestUtil.java:57)
	at com.pj.loyalty.util.WebEventListener.onException(WebEventListener.java:57)
	at sun.reflect.GeneratedMethodAccessor1.invoke(Unknown Source)
	at sun.reflect.DelegatingMethodAccessorImpl.invoke(DelegatingMethodAccessorImpl.java:43)
	at java.lang.reflect.Method.invoke(Method.java:498)
	at org.openqa.selenium.support.events.EventFiringWebDriver$1.invoke(EventFiringWebDriver.java:82)
	at com.sun.proxy.$Proxy7.onException(Unknown Source)
	at org.openqa.selenium.support.events.EventFiringWebDriver$2.invoke(EventFiringWebDriver.java:107)
	at com.sun.proxy.$Proxy8.getScreenshotAs(Unknown Source)
	at org.openqa.selenium.support.events.EventFiringWebDriver.getScreenshotAs(EventFiringWebDriver.java:288)
	at com.pj.loyalty.util.TestUtil.takeScreenshotAtEndOfTest(TestUtil.java:57)
	at com.pj.loyalty.util.WebEventListener.onException(WebEventListener.java:57)
	at sun.reflect.GeneratedMethodAccessor1.invoke(Unknown Source)
	at sun.reflect.DelegatingMethodAccessorImpl.invoke(DelegatingMethodAccessorImpl.java:43)
	at java.lang.reflect.Method.invoke(Method.java:498)
	at org.openqa.selenium.support.events.EventFiringWebDriver$1.invoke(EventFiringWebDriver.java:82)
	at com.sun.proxy.$Proxy7.onException(Unknown Source)
	at org.openqa.selenium.support.events.EventFiringWebDriver$2.invoke(EventFiringWebDriver.java:107)
	at com.sun.proxy.$Proxy8.getScreenshotAs(Unknown Source)
	at org.openqa.selenium.support.events.EventFiringWebDriver.getScreenshotAs(EventFiringWebDriver.java:288)
	at com.pj.loyalty.util.TestUtil.takeScreenshotAtEndOfTest(TestUtil.java:57)
	at com.pj.loyalty.util.WebEventListener.onException(WebEventListener.java:57)
	at sun.reflect.GeneratedMethodAccessor1.invoke(Unknown Source)
	at sun.reflect.DelegatingMethodAccessorImpl.invoke(DelegatingMethodAccessorImpl.java:43)
	at java.lang.reflect.Method.invoke(Method.java:498)
	at org.openqa.selenium.support.events.EventFiringWebDriver$1.invoke(EventFiringWebDriver.java:82)
	at com.sun.proxy.$Proxy7.onException(Unknown Source)
	at org.openqa.selenium.support.events.EventFiringWebDriver$2.invoke(EventFiringWebDriver.java:107)
	at com.sun.proxy.$Proxy8.getScreenshotAs(Unknown Source)
	at org.openqa.selenium.support.events.EventFiringWebDriver.getScreenshotAs(EventFiringWebDriver.java:288)
	at com.pj.loyalty.util.TestUtil.takeScreenshotAtEndOfTest(TestUtil.java:57)
	at com.pj.loyalty.util.WebEventListener.onException(WebEventListener.java:57)
	at sun.reflect.GeneratedMethodAccessor1.invoke(Unknown Source)
	at sun.reflect.DelegatingMethodAccessorImpl.invoke(DelegatingMethodAccessorImpl.java:43)
	at java.lang.reflect.Method.invoke(Method.java:498)
	at org.openqa.selenium.support.events.EventFiringWebDriver$1.invoke(EventFiringWebDriver.java:82)
	at com.sun.proxy.$Proxy7.onException(Unknown Source)
	at org.openqa.selenium.support.events.EventFiringWebDriver$2.invoke(EventFiringWebDriver.java:107)
	at com.sun.proxy.$Proxy8.getScreenshotAs(Unknown Source)
	at org.openqa.selenium.support.events.EventFiringWebDriver.getScreenshotAs(EventFiringWebDriver.java:288)
	at com.pj.loyalty.util.TestUtil.takeScreenshotAtEndOfTest(TestUtil.java:57)
	at com.pj.loyalty.util.WebEventListener.onException(WebEventListener.java:57)
	at sun.reflect.GeneratedMethodAccessor1.invoke(Unknown Source)
	at sun.reflect.DelegatingMethodAccessorImpl.invoke(DelegatingMethodAccessorImpl.java:43)
	at java.lang.reflect.Method.invoke(Method.java:498)
	at org.openqa.selenium.support.events.EventFiringWebDriver$1.invoke(EventFiringWebDriver.java:82)
	at com.sun.proxy.$Proxy7.onException(Unknown Source)
	at org.openqa.selenium.support.events.EventFiringWebDriver$2.invoke(EventFiringWebDriver.java:107)
	at com.sun.proxy.$Proxy8.getScreenshotAs(Unknown Source)
	at org.openqa.selenium.support.events.EventFiringWebDriver.getScreenshotAs(EventFiringWebDriver.java:288)
	at com.pj.loyalty.util.TestUtil.takeScreenshotAtEndOfTest(TestUtil.java:57)
	at com.pj.loyalty.util.WebEventListener.onException(WebEventListener.java:57)
	at sun.reflect.GeneratedMethodAccessor1.invoke(Unknown Source)
	at sun.reflect.DelegatingMethodAccessorImpl.invoke(DelegatingMethodAccessorImpl.java:43)
	at java.lang.reflect.Method.invoke(Method.java:498)
	at org.openqa.selenium.support.events.EventFiringWebDriver$1.invoke(EventFiringWebDriver.java:82)
	at com.sun.proxy.$Proxy7.onException(Unknown Source)
	at org.openqa.selenium.support.events.EventFiringWebDriver$2.invoke(EventFiringWebDriver.java:107)
	at com.sun.proxy.$Proxy8.getScreenshotAs(Unknown Source)
	at org.openqa.selenium.support.events.EventFiringWebDriver.getScreenshotAs(EventFiringWebDriver.java:288)
	at com.pj.loyalty.util.TestUtil.takeScreenshotAtEndOfTest(TestUtil.java:57)
	at com.pj.loyalty.util.WebEventListener.onException(WebEventListener.java:57)
	at sun.reflect.GeneratedMethodAccessor1.invoke(Unknown Source)
	at sun.reflect.DelegatingMethodAccessorImpl.invoke(DelegatingMethodAccessorImpl.java:43)
	at java.lang.reflect.Method.invoke(Method.java:498)
	at org.openqa.selenium.support.events.EventFiringWebDriver$1.invoke(EventFiringWebDriver.java:82)
	at com.sun.proxy.$Proxy7.onException(Unknown Source)
	at org.openqa.selenium.support.events.EventFiringWebDriver$2.invoke(EventFiringWebDriver.java:107)
	at com.sun.proxy.$Proxy8.getScreenshotAs(Unknown Source)
	at org.openqa.selenium.support.events.EventFiringWebDriver.getScreenshotAs(EventFiringWebDriver.java:288)
	at com.pj.loyalty.util.TestUtil.takeScreenshotAtEndOfTest(TestUtil.java:57)
	at com.pj.loyalty.util.WebEventListener.onException(WebEventListener.java:57)
	at sun.reflect.GeneratedMethodAccessor1.invoke(Unknown Source)
	at sun.reflect.DelegatingMethodAccessorImpl.invoke(DelegatingMethodAccessorImpl.java:43)
	at java.lang.reflect.Method.invoke(Method.java:498)
	at org.openqa.selenium.support.events.EventFiringWebDriver$1.invoke(EventFiringWebDriver.java:82)
	at com.sun.proxy.$Proxy7.onException(Unknown Source)
	at org.openqa.selenium.support.events.EventFiringWebDriver$2.invoke(EventFiringWebDriver.java:107)
	at com.sun.proxy.$Proxy8.getScreenshotAs(Unknown Source)
	at org.openqa.selenium.support.events.EventFiringWebDriver.getScreenshotAs(EventFiringWebDriver.java:288)
	at com.pj.loyalty.util.TestUtil.takeScreenshotAtEndOfTest(TestUtil.java:57)
	at com.pj.loyalty.util.WebEventListener.onException(WebEventListener.java:57)
	at sun.reflect.GeneratedMethodAccessor1.invoke(Unknown Source)
	at sun.reflect.DelegatingMethodAccessorImpl.invoke(DelegatingMethodAccessorImpl.java:43)
	at java.lang.reflect.Method.invoke(Method.java:498)
	at org.openqa.selenium.support.events.EventFiringWebDriver$1.invoke(EventFiringWebDriver.java:82)
	at com.sun.proxy.$Proxy7.onException(Unknown Source)
	at org.openqa.selenium.support.events.EventFiringWebDriver$2.invoke(EventFiringWebDriver.java:107)
	at com.sun.proxy.$Proxy8.getScreenshotAs(Unknown Source)
	at org.openqa.selenium.support.events.EventFiringWebDriver.getScreenshotAs(EventFiringWebDriver.java:288)
	at com.pj.loyalty.util.TestUtil.takeScreenshotAtEndOfTest(TestUtil.java:57)
	at com.pj.loyalty.util.WebEventListener.onException(WebEventListener.java:57)
	at sun.reflect.GeneratedMethodAccessor1.invoke(Unknown Source)
	at sun.reflect.DelegatingMethodAccessorImpl.invoke(DelegatingMethodAccessorImpl.java:43)
	at java.lang.reflect.Method.invoke(Method.java:498)
	at org.openqa.selenium.support.events.EventFiringWebDriver$1.invoke(EventFiringWebDriver.java:82)
	at com.sun.proxy.$Proxy7.onException(Unknown Source)
	at org.openqa.selenium.support.events.EventFiringWebDriver$2.invoke(EventFiringWebDriver.java:107)
	at com.sun.proxy.$Proxy8.getScreenshotAs(Unknown Source)
	at org.openqa.selenium.support.events.EventFiringWebDriver.getScreenshotAs(EventFiringWebDriver.java:288)
	at com.pj.loyalty.util.TestUtil.takeScreenshotAtEndOfTest(TestUtil.java:57)
	at com.pj.loyalty.util.WebEventListener.onException(WebEventListener.java:57)
	at sun.reflect.GeneratedMethodAccessor1.invoke(Unknown Source)
	at sun.reflect.DelegatingMethodAccessorImpl.invoke(DelegatingMethodAccessorImpl.java:43)
	at java.lang.reflect.Method.invoke(Method.java:498)
	at org.openqa.selenium.support.events.EventFiringWebDriver$1.invoke(EventFiringWebDriver.java:82)
	at com.sun.proxy.$Proxy7.onException(Unknown Source)
	at org.openqa.selenium.support.events.EventFiringWebDriver$2.invoke(EventFiringWebDriver.java:107)
	at com.sun.proxy.$Proxy8.getScreenshotAs(Unknown Source)
	at org.openqa.selenium.support.events.EventFiringWebDriver.getScreenshotAs(EventFiringWebDriver.java:288)
	at com.pj.loyalty.util.TestUtil.takeScreenshotAtEndOfTest(TestUtil.java:57)
	at com.pj.loyalty.util.WebEventListener.onException(WebEventListener.java:57)
	at sun.reflect.GeneratedMethodAccessor1.invoke(Unknown Source)
	at sun.reflect.DelegatingMethodAccessorImpl.invoke(DelegatingMethodAccessorImpl.java:43)
	at java.lang.reflect.Method.invoke(Method.java:498)
	at org.openqa.selenium.support.events.EventFiringWebDriver$1.invoke(EventFiringWebDriver.java:82)
	at com.sun.proxy.$Proxy7.onException(Unknown Source)
	at org.openqa.selenium.support.events.EventFiringWebDriver$2.invoke(EventFiringWebDriver.java:107)
	at com.sun.proxy.$Proxy8.getScreenshotAs(Unknown Source)
	at org.openqa.selenium.support.events.EventFiringWebDriver.getScreenshotAs(EventFiringWebDriver.java:288)
	at com.pj.loyalty.util.TestUtil.takeScreenshotAtEndOfTest(TestUtil.java:57)
	at com.pj.loyalty.util.WebEventListener.onException(WebEventListener.java:57)
	at sun.reflect.GeneratedMethodAccessor1.invoke(Unknown Source)
	at sun.reflect.DelegatingMethodAccessorImpl.invoke(DelegatingMethodAccessorImpl.java:43)
	at java.lang.reflect.Method.invoke(Method.java:498)
	at org.openqa.selenium.support.events.EventFiringWebDriver$1.invoke(EventFiringWebDriver.java:82)
	at com.sun.proxy.$Proxy7.onException(Unknown Source)
	at org.openqa.selenium.support.events.EventFiringWebDriver$2.invoke(EventFiringWebDriver.java:107)
	at com.sun.proxy.$Proxy8.getScreenshotAs(Unknown Source)
	at org.openqa.selenium.support.events.EventFiringWebDriver.getScreenshotAs(EventFiringWebDriver.java:288)
	at com.pj.loyalty.util.TestUtil.takeScreenshotAtEndOfTest(TestUtil.java:57)
	at com.pj.loyalty.util.WebEventListener.onException(WebEventListener.java:57)
	at sun.reflect.GeneratedMethodAccessor1.invoke(Unknown Source)
	at sun.reflect.DelegatingMethodAccessorImpl.invoke(DelegatingMethodAccessorImpl.java:43)
	at java.lang.reflect.Method.invoke(Method.java:498)
	at org.openqa.selenium.support.events.EventFiringWebDriver$1.invoke(EventFiringWebDriver.java:82)
	at com.sun.proxy.$Proxy7.onException(Unknown Source)
	at org.openqa.selenium.support.events.EventFiringWebDriver$2.invoke(EventFiringWebDriver.java:107)
	at com.sun.proxy.$Proxy8.getScreenshotAs(Unknown Source)
	at org.openqa.selenium.support.events.EventFiringWebDriver.getScreenshotAs(EventFiringWebDriver.java:288)
	at com.pj.loyalty.util.TestUtil.takeScreenshotAtEndOfTest(TestUtil.java:57)
	at com.pj.loyalty.util.WebEventListener.onException(WebEventListener.java:57)
	at sun.reflect.GeneratedMethodAccessor1.invoke(Unknown Source)
	at sun.reflect.DelegatingMethodAccessorImpl.invoke(DelegatingMethodAccessorImpl.java:43)
	at java.lang.reflect.Method.invoke(Method.java:498)
	at org.openqa.selenium.support.events.EventFiringWebDriver$1.invoke(EventFiringWebDriver.java:82)
	at com.sun.proxy.$Proxy7.onException(Unknown Source)
	at org.openqa.selenium.support.events.EventFiringWebDriver$2.invoke(EventFiringWebDriver.java:107)
	at com.sun.proxy.$Proxy8.getScreenshotAs(Unknown Source)
	at org.openqa.selenium.support.events.EventFiringWebDriver.getScreenshotAs(EventFiringWebDriver.java:288)
	at com.pj.loyalty.util.TestUtil.takeScreenshotAtEndOfTest(TestUtil.java:57)
	at com.pj.loyalty.util.WebEventListener.onException(WebEventListener.java:57)
	at sun.reflect.GeneratedMethodAccessor1.invoke(Unknown Source)
	at sun.reflect.DelegatingMethodAccessorImpl.invoke(DelegatingMethodAccessorImpl.java:43)
	at java.lang.reflect.Method.invoke(Method.java:498)
	at org.openqa.selenium.support.events.EventFiringWebDriver$1.invoke(EventFiringWebDriver.java:82)
	at com.sun.proxy.$Proxy7.onException(Unknown Source)
	at org.openqa.selenium.support.events.EventFiringWebDriver$2.invoke(EventFiringWebDriver.java:107)
	at com.sun.proxy.$Proxy8.getScreenshotAs(Unknown Source)
	at org.openqa.selenium.support.events.EventFiringWebDriver.getScreenshotAs(EventFiringWebDriver.java:288)
	at com.pj.loyalty.util.TestUtil.takeScreenshotAtEndOfTest(TestUtil.java:57)
	at com.pj.loyalty.util.WebEventListener.onException(WebEventListener.java:57)
	at sun.reflect.GeneratedMethodAccessor1.invoke(Unknown Source)
	at sun.reflect.DelegatingMethodAccessorImpl.invoke(DelegatingMethodAccessorImpl.java:43)
	at java.lang.reflect.Method.invoke(Method.java:498)
	at org.openqa.selenium.support.events.EventFiringWebDriver$1.invoke(EventFiringWebDriver.java:82)
	at com.sun.proxy.$Proxy7.onException(Unknown Source)
	at org.openqa.selenium.support.events.EventFiringWebDriver$2.invoke(EventFiringWebDriver.java:107)
	at com.sun.proxy.$Proxy8.getScreenshotAs(Unknown Source)
	at org.openqa.selenium.support.events.EventFiringWebDriver.getScreenshotAs(EventFiringWebDriver.java:288)
	at com.pj.loyalty.util.TestUtil.takeScreenshotAtEndOfTest(TestUtil.java:57)
	at com.pj.loyalty.util.WebEventListener.onException(WebEventListener.java:57)
	at sun.reflect.GeneratedMethodAccessor1.invoke(Unknown Source)
	at sun.reflect.DelegatingMethodAccessorImpl.invoke(DelegatingMethodAccessorImpl.java:43)
	at java.lang.reflect.Method.invoke(Method.java:498)
	at org.openqa.selenium.support.events.EventFiringWebDriver$1.invoke(EventFiringWebDriver.java:82)
	at com.sun.proxy.$Proxy7.onException(Unknown Source)
	at org.openqa.selenium.support.events.EventFiringWebDriver$2.invoke(EventFiringWebDriver.java:107)
	at com.sun.proxy.$Proxy8.getScreenshotAs(Unknown Source)
	at org.openqa.selenium.support.events.EventFiringWebDriver.getScreenshotAs(EventFiringWebDriver.java:288)
	at com.pj.loyalty.util.TestUtil.takeScreenshotAtEndOfTest(TestUtil.java:57)
	at com.pj.loyalty.util.WebEventListener.onException(WebEventListener.java:57)
	at sun.reflect.GeneratedMethodAccessor1.invoke(Unknown Source)
	at sun.reflect.DelegatingMethodAccessorImpl.invoke(DelegatingMethodAccessorImpl.java:43)
	at java.lang.reflect.Method.invoke(Method.java:498)
	at org.openqa.selenium.support.events.EventFiringWebDriver$1.invoke(EventFiringWebDriver.java:82)
	at com.sun.proxy.$Proxy7.onException(Unknown Source)
	at org.openqa.selenium.support.events.EventFiringWebDriver$2.invoke(EventFiringWebDriver.java:107)
	at com.sun.proxy.$Proxy8.getScreenshotAs(Unknown Source)
	at org.openqa.selenium.support.events.EventFiringWebDriver.getScreenshotAs(EventFiringWebDriver.java:288)
	at com.pj.loyalty.util.TestUtil.takeScreenshotAtEndOfTest(TestUtil.java:57)
	at com.pj.loyalty.util.WebEventListener.onException(WebEventListener.java:57)
	at sun.reflect.GeneratedMethodAccessor1.invoke(Unknown Source)
	at sun.reflect.DelegatingMethodAccessorImpl.invoke(DelegatingMethodAccessorImpl.java:43)
	at java.lang.reflect.Method.invoke(Method.java:498)
	at org.openqa.selenium.support.events.EventFiringWebDriver$1.invoke(EventFiringWebDriver.java:82)
	at com.sun.proxy.$Proxy7.onException(Unknown Source)
	at org.openqa.selenium.support.events.EventFiringWebDriver$2.invoke(EventFiringWebDriver.java:107)
	at com.sun.proxy.$Proxy8.getScreenshotAs(Unknown Source)
	at org.openqa.selenium.support.events.EventFiringWebDriver.getScreenshotAs(EventFiringWebDriver.java:288)
	at com.pj.loyalty.util.TestUtil.takeScreenshotAtEndOfTest(TestUtil.java:57)
	at com.pj.loyalty.util.WebEventListener.onException(WebEventListener.java:57)
	at sun.reflect.GeneratedMethodAccessor1.invoke(Unknown Source)
	at sun.reflect.DelegatingMethodAccessorImpl.invoke(DelegatingMethodAccessorImpl.java:43)
	at java.lang.reflect.Method.invoke(Method.java:498)
	at org.openqa.selenium.support.events.EventFiringWebDriver$1.invoke(EventFiringWebDriver.java:82)
	at com.sun.proxy.$Proxy7.onException(Unknown Source)
	at org.openqa.selenium.support.events.EventFiringWebDriver$2.invoke(EventFiringWebDriver.java:107)
	at com.sun.proxy.$Proxy8.getScreenshotAs(Unknown Source)
	at org.openqa.selenium.support.events.EventFiringWebDriver.getScreenshotAs(EventFiringWebDriver.java:288)
	at com.pj.loyalty.util.TestUtil.takeScreenshotAtEndOfTest(TestUtil.java:57)
	at com.pj.loyalty.util.WebEventListener.onException(WebEventListener.java:57)
	at sun.reflect.GeneratedMethodAccessor1.invoke(Unknown Source)
	at sun.reflect.DelegatingMethodAccessorImpl.invoke(DelegatingMethodAccessorImpl.java:43)
	at java.lang.reflect.Method.invoke(Method.java:498)
	at org.openqa.selenium.support.events.EventFiringWebDriver$1.invoke(EventFiringWebDriver.java:82)
	at com.sun.proxy.$Proxy7.onException(Unknown Source)
	at org.openqa.selenium.support.events.EventFiringWebDriver$2.invoke(EventFiringWebDriver.java:107)
	at com.sun.proxy.$Proxy8.getScreenshotAs(Unknown Source)
	at org.openqa.selenium.support.events.EventFiringWebDriver.getScreenshotAs(EventFiringWebDriver.java:288)
	at com.pj.loyalty.util.TestUtil.takeScreenshotAtEndOfTest(TestUtil.java:57)
	at com.pj.loyalty.util.WebEventListener.onException(WebEventListener.java:57)
	at sun.reflect.GeneratedMethodAccessor1.invoke(Unknown Source)
	at sun.reflect.DelegatingMethodAccessorImpl.invoke(DelegatingMethodAccessorImpl.java:43)
	at java.lang.reflect.Method.invoke(Method.java:498)
	at org.openqa.selenium.support.events.EventFiringWebDriver$1.invoke(EventFiringWebDriver.java:82)
	at com.sun.proxy.$Proxy7.onException(Unknown Source)
	at org.openqa.selenium.support.events.EventFiringWebDriver$2.invoke(EventFiringWebDriver.java:107)
	at com.sun.proxy.$Proxy8.getScreenshotAs(Unknown Source)
	at org.openqa.selenium.support.events.EventFiringWebDriver.getScreenshotAs(EventFiringWebDriver.java:288)
	at com.pj.loyalty.util.TestUtil.takeScreenshotAtEndOfTest(TestUtil.java:57)
	at com.pj.loyalty.util.WebEventListener.onException(WebEventListener.java:57)
	at sun.reflect.GeneratedMethodAccessor1.invoke(Unknown Source)
	at sun.reflect.DelegatingMethodAccessorImpl.invoke(DelegatingMethodAccessorImpl.java:43)
	at java.lang.reflect.Method.invoke(Method.java:498)
	at org.openqa.selenium.support.events.EventFiringWebDriver$1.invoke(EventFiringWebDriver.java:82)
	at com.sun.proxy.$Proxy7.onException(Unknown Source)
	at org.openqa.selenium.support.events.EventFiringWebDriver$2.invoke(EventFiringWebDriver.java:107)
	at com.sun.proxy.$Proxy8.getScreenshotAs(Unknown Source)
	at org.openqa.selenium.support.events.EventFiringWebDriver.getScreenshotAs(EventFiringWebDriver.java:288)
	at com.pj.loyalty.util.TestUtil.takeScreenshotAtEndOfTest(TestUtil.java:57)
	at com.pj.loyalty.util.WebEventListener.onException(WebEventListener.java:57)
	at sun.reflect.GeneratedMethodAccessor1.invoke(Unknown Source)
	at sun.reflect.DelegatingMethodAccessorImpl.invoke(DelegatingMethodAccessorImpl.java:43)
	at java.lang.reflect.Method.invoke(Method.java:498)
	at org.openqa.selenium.support.events.EventFiringWebDriver$1.invoke(EventFiringWebDriver.java:82)
	at com.sun.proxy.$Proxy7.onException(Unknown Source)
	at org.openqa.selenium.support.events.EventFiringWebDriver$2.invoke(EventFiringWebDriver.java:107)
	at com.sun.proxy.$Proxy8.getScreenshotAs(Unknown Source)
	at org.openqa.selenium.support.events.EventFiringWebDriver.getScreenshotAs(EventFiringWebDriver.java:288)
	at com.pj.loyalty.util.TestUtil.takeScreenshotAtEndOfTest(TestUtil.java:57)
	at com.pj.loyalty.util.WebEventListener.onException(WebEventListener.java:57)
	at sun.reflect.GeneratedMethodAccessor1.invoke(Unknown Source)
	at sun.reflect.DelegatingMethodAccessorImpl.invoke(DelegatingMethodAccessorImpl.java:43)
	at java.lang.reflect.Method.invoke(Method.java:498)
	at org.openqa.selenium.support.events.EventFiringWebDriver$1.invoke(EventFiringWebDriver.java:82)
	at com.sun.proxy.$Proxy7.onException(Unknown Source)
	at org.openqa.selenium.support.events.EventFiringWebDriver$2.invoke(EventFiringWebDriver.java:107)
	at com.sun.proxy.$Proxy8.getScreenshotAs(Unknown Source)
	at org.openqa.selenium.support.events.EventFiringWebDriver.getScreenshotAs(EventFiringWebDriver.java:288)
	at com.pj.loyalty.util.TestUtil.takeScreenshotAtEndOfTest(TestUtil.java:57)
	at com.pj.loyalty.util.WebEventListener.onException(WebEventListener.java:57)
	at sun.reflect.GeneratedMethodAccessor1.invoke(Unknown Source)
	at sun.reflect.DelegatingMethodAccessorImpl.invoke(DelegatingMethodAccessorImpl.java:43)
	at java.lang.reflect.Method.invoke(Method.java:498)
	at org.openqa.selenium.support.events.EventFiringWebDriver$1.invoke(EventFiringWebDriver.java:82)
	at com.sun.proxy.$Proxy7.onException(Unknown Source)
	at org.openqa.selenium.support.events.EventFiringWebDriver$2.invoke(EventFiringWebDriver.java:107)
	at com.sun.proxy.$Proxy8.getScreenshotAs(Unknown Source)
	at org.openqa.selenium.support.events.EventFiringWebDriver.getScreenshotAs(EventFiringWebDriver.java:288)
	at com.pj.loyalty.util.TestUtil.takeScreenshotAtEndOfTest(TestUtil.java:57)
	at com.pj.loyalty.util.WebEventListener.onException(WebEventListener.java:57)
	at sun.reflect.GeneratedMethodAccessor1.invoke(Unknown Source)
	at sun.reflect.DelegatingMethodAccessorImpl.invoke(DelegatingMethodAccessorImpl.java:43)
	at java.lang.reflect.Method.invoke(Method.java:498)
	at org.openqa.selenium.support.events.EventFiringWebDriver$1.invoke(EventFiringWebDriver.java:82)
	at com.sun.proxy.$Proxy7.onException(Unknown Source)
	at org.openqa.selenium.support.events.EventFiringWebDriver$2.invoke(EventFiringWebDriver.java:107)
	at com.sun.proxy.$Proxy8.getScreenshotAs(Unknown Source)
	at org.openqa.selenium.support.events.EventFiringWebDriver.getScreenshotAs(EventFiringWebDriver.java:288)
	at com.pj.loyalty.util.TestUtil.takeScreenshotAtEndOfTest(TestUtil.java:57)
	at com.pj.loyalty.util.WebEventListener.onException(WebEventListener.java:57)
	at sun.reflect.GeneratedMethodAccessor1.invoke(Unknown Source)
	at sun.reflect.DelegatingMethodAccessorImpl.invoke(DelegatingMethodAccessorImpl.java:43)
	at java.lang.reflect.Method.invoke(Method.java:498)
	at org.openqa.selenium.support.events.EventFiringWebDriver$1.invoke(EventFiringWebDriver.java:82)
	at com.sun.proxy.$Proxy7.onException(Unknown Source)
	at org.openqa.selenium.support.events.EventFiringWebDriver$2.invoke(EventFiringWebDriver.java:107)
	at com.sun.proxy.$Proxy8.getScreenshotAs(Unknown Source)
	at org.openqa.selenium.support.events.EventFiringWebDriver.getScreenshotAs(EventFiringWebDriver.java:288)
	at com.pj.loyalty.util.TestUtil.takeScreenshotAtEndOfTest(TestUtil.java:57)
	at com.pj.loyalty.util.WebEventListener.onException(WebEventListener.java:57)
	at sun.reflect.GeneratedMethodAccessor1.invoke(Unknown Source)
	at sun.reflect.DelegatingMethodAccessorImpl.invoke(DelegatingMethodAccessorImpl.java:43)
	at java.lang.reflect.Method.invoke(Method.java:498)
	at org.openqa.selenium.support.events.EventFiringWebDriver$1.invoke(EventFiringWebDriver.java:82)
	at com.sun.proxy.$Proxy7.onException(Unknown Source)
	at org.openqa.selenium.support.events.EventFiringWebDriver$2.invoke(EventFiringWebDriver.java:107)
	at com.sun.proxy.$Proxy8.getScreenshotAs(Unknown Source)
	at org.openqa.selenium.support.events.EventFiringWebDriver.getScreenshotAs(EventFiringWebDriver.java:288)
	at com.pj.loyalty.util.TestUtil.takeScreenshotAtEndOfTest(TestUtil.java:57)
	at com.pj.loyalty.util.WebEventListener.onException(WebEventListener.java:57)
	at sun.reflect.GeneratedMethodAccessor1.invoke(Unknown Source)
	at sun.reflect.DelegatingMethodAccessorImpl.invoke(DelegatingMethodAccessorImpl.java:43)
	at java.lang.reflect.Method.invoke(Method.java:498)
	at org.openqa.selenium.support.events.EventFiringWebDriver$1.invoke(EventFiringWebDriver.java:82)
	at com.sun.proxy.$Proxy7.onException(Unknown Source)
	at org.openqa.selenium.support.events.EventFiringWebDriver$2.invoke(EventFiringWebDriver.java:107)
	at com.sun.proxy.$Proxy8.getScreenshotAs(Unknown Source)
	at org.openqa.selenium.support.events.EventFiringWebDriver.getScreenshotAs(EventFiringWebDriver.java:288)
	at com.pj.loyalty.util.TestUtil.takeScreenshotAtEndOfTest(TestUtil.java:57)
	at com.pj.loyalty.util.WebEventListener.onException(WebEventListener.java:57)
	at sun.reflect.GeneratedMethodAccessor1.invoke(Unknown Source)
	at sun.reflect.DelegatingMethodAccessorImpl.invoke(DelegatingMethodAccessorImpl.java:43)
	at java.lang.reflect.Method.invoke(Method.java:498)
	at org.openqa.selenium.support.events.EventFiringWebDriver$1.invoke(EventFiringWebDriver.java:82)
	at com.sun.proxy.$Proxy7.onException(Unknown Source)
	at org.openqa.selenium.support.events.EventFiringWebDriver$2.invoke(EventFiringWebDriver.java:107)
	at com.sun.proxy.$Proxy8.getScreenshotAs(Unknown Source)
	at org.openqa.selenium.support.events.EventFiringWebDriver.getScreenshotAs(EventFiringWebDriver.java:288)
	at com.pj.loyalty.util.TestUtil.takeScreenshotAtEndOfTest(TestUtil.java:57)
	at com.pj.loyalty.util.WebEventListener.onException(WebEventListener.java:57)
	at sun.reflect.GeneratedMethodAccessor1.invoke(Unknown Source)
	at sun.reflect.DelegatingMethodAccessorImpl.invoke(DelegatingMethodAccessorImpl.java:43)
	at java.lang.reflect.Method.invoke(Method.java:498)
	at org.openqa.selenium.support.events.EventFiringWebDriver$1.invoke(EventFiringWebDriver.java:82)
	at com.sun.proxy.$Proxy7.onException(Unknown Source)
	at org.openqa.selenium.support.events.EventFiringWebDriver$2.invoke(EventFiringWebDriver.java:107)
	at com.sun.proxy.$Proxy8.getScreenshotAs(Unknown Source)
	at org.openqa.selenium.support.events.EventFiringWebDriver.getScreenshotAs(EventFiringWebDriver.java:288)
	at com.pj.loyalty.util.TestUtil.takeScreenshotAtEndOfTest(TestUtil.java:57)
	at com.pj.loyalty.util.WebEventListener.onException(WebEventListener.java:57)
	at sun.reflect.GeneratedMethodAccessor1.invoke(Unknown Source)
	at sun.reflect.DelegatingMethodAccessorImpl.invoke(DelegatingMethodAccessorImpl.java:43)
	at java.lang.reflect.Method.invoke(Method.java:498)
	at org.openqa.selenium.support.events.EventFiringWebDriver$1.invoke(EventFiringWebDriver.java:82)
	at com.sun.proxy.$Proxy7.onException(Unknown Source)
	at org.openqa.selenium.support.events.EventFiringWebDriver$2.invoke(EventFiringWebDriver.java:107)
	at com.sun.proxy.$Proxy8.getScreenshotAs(Unknown Source)
	at org.openqa.selenium.support.events.EventFiringWebDriver.getScreenshotAs(EventFiringWebDriver.java:288)
	at com.pj.loyalty.util.TestUtil.takeScreenshotAtEndOfTest(TestUtil.java:57)
	at com.pj.loyalty.util.WebEventListener.onException(WebEventListener.java:57)
	at sun.reflect.GeneratedMethodAccessor1.invoke(Unknown Source)
	at sun.reflect.DelegatingMethodAccessorImpl.invoke(DelegatingMethodAccessorImpl.java:43)
	at java.lang.reflect.Method.invoke(Method.java:498)
	at org.openqa.selenium.support.events.EventFiringWebDriver$1.invoke(EventFiringWebDriver.java:82)
	at com.sun.proxy.$Proxy7.onException(Unknown Source)
	at org.openqa.selenium.support.events.EventFiringWebDriver$2.invoke(EventFiringWebDriver.java:107)
	at com.sun.proxy.$Proxy8.getScreenshotAs(Unknown Source)
	at org.openqa.selenium.support.events.EventFiringWebDriver.getScreenshotAs(EventFiringWebDriver.java:288)
	at com.pj.loyalty.util.TestUtil.takeScreenshotAtEndOfTest(TestUtil.java:57)
	at com.pj.loyalty.util.WebEventListener.onException(WebEventListener.java:57)
	at sun.reflect.GeneratedMethodAccessor1.invoke(Unknown Source)
	at sun.reflect.DelegatingMethodAccessorImpl.invoke(DelegatingMethodAccessorImpl.java:43)
	at java.lang.reflect.Method.invoke(Method.java:498)
	at org.openqa.selenium.support.events.EventFiringWebDriver$1.invoke(EventFiringWebDriver.java:82)
	at com.sun.proxy.$Proxy7.onException(Unknown Source)
	at org.openqa.selenium.support.events.EventFiringWebDriver$2.invoke(EventFiringWebDriver.java:107)
	at com.sun.proxy.$Proxy8.getScreenshotAs(Unknown Source)
	at org.openqa.selenium.support.events.EventFiringWebDriver.getScreenshotAs(EventFiringWebDriver.java:288)
	at com.pj.loyalty.util.TestUtil.takeScreenshotAtEndOfTest(TestUtil.java:57)
	at com.pj.loyalty.util.WebEventListener.onException(WebEventListener.java:57)
	at sun.reflect.GeneratedMethodAccessor1.invoke(Unknown Source)
	at sun.reflect.DelegatingMethodAccessorImpl.invoke(DelegatingMethodAccessorImpl.java:43)
	at java.lang.reflect.Method.invoke(Method.java:498)
	at org.openqa.selenium.support.events.EventFiringWebDriver$1.invoke(EventFiringWebDriver.java:82)
	at com.sun.proxy.$Proxy7.onException(Unknown Source)
	at org.openqa.selenium.support.events.EventFiringWebDriver$2.invoke(EventFiringWebDriver.java:107)
	at com.sun.proxy.$Proxy8.getScreenshotAs(Unknown Source)
	at org.openqa.selenium.support.events.EventFiringWebDriver.getScreenshotAs(EventFiringWebDriver.java:288)
	at com.pj.loyalty.util.TestUtil.takeScreenshotAtEndOfTest(TestUtil.java:57)
	at com.pj.loyalty.util.WebEventListener.onException(WebEventListener.java:57)
	at sun.reflect.GeneratedMethodAccessor1.invoke(Unknown Source)
	at sun.reflect.DelegatingMethodAccessorImpl.invoke(DelegatingMethodAccessorImpl.java:43)
	at java.lang.reflect.Method.invoke(Method.java:498)
	at org.openqa.selenium.support.events.EventFiringWebDriver$1.invoke(EventFiringWebDriver.java:82)
	at com.sun.proxy.$Proxy7.onException(Unknown Source)
	at org.openqa.selenium.support.events.EventFiringWebDriver$2.invoke(EventFiringWebDriver.java:107)
	at com.sun.proxy.$Proxy8.getScreenshotAs(Unknown Source)
	at org.openqa.selenium.support.events.EventFiringWebDriver.getScreenshotAs(EventFiringWebDriver.java:288)
	at com.pj.loyalty.util.TestUtil.takeScreenshotAtEndOfTest(TestUtil.java:57)
	at com.pj.loyalty.util.WebEventListener.onException(WebEventListener.java:57)
	at sun.reflect.GeneratedMethodAccessor1.invoke(Unknown Source)
	at sun.reflect.DelegatingMethodAccessorImpl.invoke(DelegatingMethodAccessorImpl.java:43)
	at java.lang.reflect.Method.invoke(Method.java:498)
	at org.openqa.selenium.support.events.EventFiringWebDriver$1.invoke(EventFiringWebDriver.java:82)
	at com.sun.proxy.$Proxy7.onException(Unknown Source)
	at org.openqa.selenium.support.events.EventFiringWebDriver$2.invoke(EventFiringWebDriver.java:107)
	at com.sun.proxy.$Proxy8.getScreenshotAs(Unknown Source)
	at org.openqa.selenium.support.events.EventFiringWebDriver.getScreenshotAs(EventFiringWebDriver.java:288)
	at com.pj.loyalty.util.TestUtil.takeScreenshotAtEndOfTest(TestUtil.java:57)
	at com.pj.loyalty.util.WebEventListener.onException(WebEventListener.java:57)
	at sun.reflect.GeneratedMethodAccessor1.invoke(Unknown Source)
	at sun.reflect.DelegatingMethodAccessorImpl.invoke(DelegatingMethodAccessorImpl.java:43)
	at java.lang.reflect.Method.invoke(Method.java:498)
	at org.openqa.selenium.support.events.EventFiringWebDriver$1.invoke(EventFiringWebDriver.java:82)
	at com.sun.proxy.$Proxy7.onException(Unknown Source)
	at org.openqa.selenium.support.events.EventFiringWebDriver$2.invoke(EventFiringWebDriver.java:107)
	at com.sun.proxy.$Proxy8.getScreenshotAs(Unknown Source)
	at org.openqa.selenium.support.events.EventFiringWebDriver.getScreenshotAs(EventFiringWebDriver.java:288)
	at com.pj.loyalty.util.TestUtil.takeScreenshotAtEndOfTest(TestUtil.java:57)
	at com.pj.loyalty.util.WebEventListener.onException(WebEventListener.java:57)
	at sun.reflect.GeneratedMethodAccessor1.invoke(Unknown Source)
	at sun.reflect.DelegatingMethodAccessorImpl.invoke(DelegatingMethodAccessorImpl.java:43)
	at java.lang.reflect.Method.invoke(Method.java:498)
	at org.openqa.selenium.support.events.EventFiringWebDriver$1.invoke(EventFiringWebDriver.java:82)
	at com.sun.proxy.$Proxy7.onException(Unknown Source)
	at org.openqa.selenium.support.events.EventFiringWebDriver$2.invoke(EventFiringWebDriver.java:107)
	at com.sun.proxy.$Proxy8.getScreenshotAs(Unknown Source)
	at org.openqa.selenium.support.events.EventFiringWebDriver.getScreenshotAs(EventFiringWebDriver.java:288)
	at com.pj.loyalty.util.TestUtil.takeScreenshotAtEndOfTest(TestUtil.java:57)
	at com.pj.loyalty.util.WebEventListener.onException(WebEventListener.java:57)
	at sun.reflect.GeneratedMethodAccessor1.invoke(Unknown Source)
	at sun.reflect.DelegatingMethodAccessorImpl.invoke(DelegatingMethodAccessorImpl.java:43)
	at java.lang.reflect.Method.invoke(Method.java:498)
	at org.openqa.selenium.support.events.EventFiringWebDriver$1.invoke(EventFiringWebDriver.java:82)
	at com.sun.proxy.$Proxy7.onException(Unknown Source)
	at org.openqa.selenium.support.events.EventFiringWebDriver$2.invoke(EventFiringWebDriver.java:107)
	at com.sun.proxy.$Proxy8.getScreenshotAs(Unknown Source)
	at org.openqa.selenium.support.events.EventFiringWebDriver.getScreenshotAs(EventFiringWebDriver.java:288)
	at com.pj.loyalty.util.TestUtil.takeScreenshotAtEndOfTest(TestUtil.java:57)
	at com.pj.loyalty.util.WebEventListener.onException(WebEventListener.java:57)
	at sun.reflect.GeneratedMethodAccessor1.invoke(Unknown Source)
	at sun.reflect.DelegatingMethodAccessorImpl.invoke(DelegatingMethodAccessorImpl.java:43)
	at java.lang.reflect.Method.invoke(Method.java:498)
	at org.openqa.selenium.support.events.EventFiringWebDriver$1.invoke(EventFiringWebDriver.java:82)
	at com.sun.proxy.$Proxy7.onException(Unknown Source)
	at org.openqa.selenium.support.events.EventFiringWebDriver$2.invoke(EventFiringWebDriver.java:107)
	at com.sun.proxy.$Proxy8.getScreenshotAs(Unknown Source)
	at org.openqa.selenium.support.events.EventFiringWebDriver.getScreenshotAs(EventFiringWebDriver.java:288)
	at com.pj.loyalty.util.TestUtil.takeScreenshotAtEndOfTest(TestUtil.java:57)
	at com.pj.loyalty.util.WebEventListener.onException(WebEventListener.java:57)
	at sun.reflect.GeneratedMethodAccessor1.invoke(Unknown Source)
	at sun.reflect.DelegatingMethodAccessorImpl.invoke(DelegatingMethodAccessorImpl.java:43)
	at java.lang.reflect.Method.invoke(Method.java:498)
	at org.openqa.selenium.support.events.EventFiringWebDriver$1.invoke(EventFiringWebDriver.java:82)
	at com.sun.proxy.$Proxy7.onException(Unknown Source)
	at org.openqa.selenium.support.events.EventFiringWebDriver$2.invoke(EventFiringWebDriver.java:107)
	at com.sun.proxy.$Proxy8.getScreenshotAs(Unknown Source)
	at org.openqa.selenium.support.events.EventFiringWebDriver.getScreenshotAs(EventFiringWebDriver.java:288)
	at com.pj.loyalty.util.TestUtil.takeScreenshotAtEndOfTest(TestUtil.java:57)
	at com.pj.loyalty.util.WebEventListener.onException(WebEventListener.java:57)
	at sun.reflect.GeneratedMethodAccessor1.invoke(Unknown Source)
	at sun.reflect.DelegatingMethodAccessorImpl.invoke(DelegatingMethodAccessorImpl.java:43)
	at java.lang.reflect.Method.invoke(Method.java:498)
	at org.openqa.selenium.support.events.EventFiringWebDriver$1.invoke(EventFiringWebDriver.java:82)
	at com.sun.proxy.$Proxy7.onException(Unknown Source)
	at org.openqa.selenium.support.events.EventFiringWebDriver$2.invoke(EventFiringWebDriver.java:107)
	at com.sun.proxy.$Proxy8.getScreenshotAs(Unknown Source)
	at org.openqa.selenium.support.events.EventFiringWebDriver.getScreenshotAs(EventFiringWebDriver.java:288)
	at com.pj.loyalty.util.TestUtil.takeScreenshotAtEndOfTest(TestUtil.java:57)
	at com.pj.loyalty.util.WebEventListener.onException(WebEventListener.java:57)
	at sun.reflect.GeneratedMethodAccessor1.invoke(Unknown Source)
	at sun.reflect.DelegatingMethodAccessorImpl.invoke(DelegatingMethodAccessorImpl.java:43)
	at java.lang.reflect.Method.invoke(Method.java:498)
	at org.openqa.selenium.support.events.EventFiringWebDriver$1.invoke(EventFiringWebDriver.java:82)
	at com.sun.proxy.$Proxy7.onException(Unknown Source)
	at org.openqa.selenium.support.events.EventFiringWebDriver$2.invoke(EventFiringWebDriver.java:107)
	at com.sun.proxy.$Proxy8.getScreenshotAs(Unknown Source)
	at org.openqa.selenium.support.events.EventFiringWebDriver.getScreenshotAs(EventFiringWebDriver.java:288)
	at com.pj.loyalty.util.TestUtil.takeScreenshotAtEndOfTest(TestUtil.java:57)
	at com.pj.loyalty.util.WebEventListener.onException(WebEventListener.java:57)
	at sun.reflect.GeneratedMethodAccessor1.invoke(Unknown Source)
	at sun.reflect.DelegatingMethodAccessorImpl.invoke(DelegatingMethodAccessorImpl.java:43)
	at java.lang.reflect.Method.invoke(Method.java:498)
	at org.openqa.selenium.support.events.EventFiringWebDriver$1.invoke(EventFiringWebDriver.java:82)
	at com.sun.proxy.$Proxy7.onException(Unknown Source)
	at org.openqa.selenium.support.events.EventFiringWebDriver$2.invoke(EventFiringWebDriver.java:107)
	at com.sun.proxy.$Proxy8.getScreenshotAs(Unknown Source)
	at org.openqa.selenium.support.events.EventFiringWebDriver.getScreenshotAs(EventFiringWebDriver.java:288)
	at com.pj.loyalty.util.TestUtil.takeScreenshotAtEndOfTest(TestUtil.java:57)
	at com.pj.loyalty.util.WebEventListener.onException(WebEventListener.java:57)
	at sun.reflect.GeneratedMethodAccessor1.invoke(Unknown Source)
	at sun.reflect.DelegatingMethodAccessorImpl.invoke(DelegatingMethodAccessorImpl.java:43)
	at java.lang.reflect.Method.invoke(Method.java:498)
	at org.openqa.selenium.support.events.EventFiringWebDriver$1.invoke(EventFiringWebDriver.java:82)
	at com.sun.proxy.$Proxy7.onException(Unknown Source)
	at org.openqa.selenium.support.events.EventFiringWebDriver$2.invoke(EventFiringWebDriver.java:107)
	at com.sun.proxy.$Proxy8.getScreenshotAs(Unknown Source)
	at org.openqa.selenium.support.events.EventFiringWebDriver.getScreenshotAs(EventFiringWebDriver.java:288)
	at com.pj.loyalty.util.TestUtil.takeScreenshotAtEndOfTest(TestUtil.java:57)
	at com.pj.loyalty.util.WebEventListener.onException(WebEventListener.java:57)
	at sun.reflect.GeneratedMethodAccessor1.invoke(Unknown Source)
	at sun.reflect.DelegatingMethodAccessorImpl.invoke(DelegatingMethodAccessorImpl.java:43)
	at java.lang.reflect.Method.invoke(Method.java:498)
	at org.openqa.selenium.support.events.EventFiringWebDriver$1.invoke(EventFiringWebDriver.java:82)
	at com.sun.proxy.$Proxy7.onException(Unknown Source)
	at org.openqa.selenium.support.events.EventFiringWebDriver$2.invoke(EventFiringWebDriver.java:107)
	at com.sun.proxy.$Proxy8.getScreenshotAs(Unknown Source)
	at org.openqa.selenium.support.events.EventFiringWebDriver.getScreenshotAs(EventFiringWebDriver.java:288)
	at com.pj.loyalty.util.TestUtil.takeScreenshotAtEndOfTest(TestUtil.java:57)
	at com.pj.loyalty.util.WebEventListener.onException(WebEventListener.java:57)
	at sun.reflect.GeneratedMethodAccessor1.invoke(Unknown Source)
	at sun.reflect.DelegatingMethodAccessorImpl.invoke(DelegatingMethodAccessorImpl.java:43)
	at java.lang.reflect.Method.invoke(Method.java:498)
	at org.openqa.selenium.support.events.EventFiringWebDriver$1.invoke(EventFiringWebDriver.java:82)
	at com.sun.proxy.$Proxy7.onException(Unknown Source)
	at org.openqa.selenium.support.events.EventFiringWebDriver$2.invoke(EventFiringWebDriver.java:107)
	at com.sun.proxy.$Proxy8.getScreenshotAs(Unknown Source)
	at org.openqa.selenium.support.events.EventFiringWebDriver.getScreenshotAs(EventFiringWebDriver.java:288)
	at com.pj.loyalty.util.TestUtil.takeScreenshotAtEndOfTest(TestUtil.java:57)
	at com.pj.loyalty.util.WebEventListener.onException(WebEventListener.java:57)
	at sun.reflect.GeneratedMethodAccessor1.invoke(Unknown Source)
	at sun.reflect.DelegatingMethodAccessorImpl.invoke(DelegatingMethodAccessorImpl.java:43)
	at java.lang.reflect.Method.invoke(Method.java:498)
	at org.openqa.selenium.support.events.EventFiringWebDriver$1.invoke(EventFiringWebDriver.java:82)
	at com.sun.proxy.$Proxy7.onException(Unknown Source)
	at org.openqa.selenium.support.events.EventFiringWebDriver$2.invoke(EventFiringWebDriver.java:107)
	at com.sun.proxy.$Proxy8.getScreenshotAs(Unknown Source)
	at org.openqa.selenium.support.events.EventFiringWebDriver.getScreenshotAs(EventFiringWebDriver.java:288)
	at com.pj.loyalty.util.TestUtil.takeScreenshotAtEndOfTest(TestUtil.java:57)
	at com.pj.loyalty.util.WebEventListener.onException(WebEventListener.java:57)
	at sun.reflect.GeneratedMethodAccessor1.invoke(Unknown Source)
	at sun.reflect.DelegatingMethodAccessorImpl.invoke(DelegatingMethodAccessorImpl.java:43)
	at java.lang.reflect.Method.invoke(Method.java:498)
	at org.openqa.selenium.support.events.EventFiringWebDriver$1.invoke(EventFiringWebDriver.java:82)
	at com.sun.proxy.$Proxy7.onException(Unknown Source)
	at org.openqa.selenium.support.events.EventFiringWebDriver$2.invoke(EventFiringWebDriver.java:107)
	at com.sun.proxy.$Proxy8.getScreenshotAs(Unknown Source)
	at org.openqa.selenium.support.events.EventFiringWebDriver.getScreenshotAs(EventFiringWebDriver.java:288)
	at com.pj.loyalty.util.TestUtil.takeScreenshotAtEndOfTest(TestUtil.java:57)
	at com.pj.loyalty.util.WebEventListener.onException(WebEventListener.java:57)
	at sun.reflect.GeneratedMethodAccessor1.invoke(Unknown Source)
	at sun.reflect.DelegatingMethodAccessorImpl.invoke(DelegatingMethodAccessorImpl.java:43)
	at java.lang.reflect.Method.invoke(Method.java:498)
	at org.openqa.selenium.support.events.EventFiringWebDriver$1.invoke(EventFiringWebDriver.java:82)
	at com.sun.proxy.$Proxy7.onException(Unknown Source)
	at org.openqa.selenium.support.events.EventFiringWebDriver$2.invoke(EventFiringWebDriver.java:107)
	at com.sun.proxy.$Proxy8.getScreenshotAs(Unknown Source)
	at org.openqa.selenium.support.events.EventFiringWebDriver.getScreenshotAs(EventFiringWebDriver.java:288)
	at com.pj.loyalty.util.TestUtil.takeScreenshotAtEndOfTest(TestUtil.java:57)
	at com.pj.loyalty.util.WebEventListener.onException(WebEventListener.java:57)
	at sun.reflect.GeneratedMethodAccessor1.invoke(Unknown Source)
	at sun.reflect.DelegatingMethodAccessorImpl.invoke(DelegatingMethodAccessorImpl.java:43)
	at java.lang.reflect.Method.invoke(Method.java:498)
	at org.openqa.selenium.support.events.EventFiringWebDriver$1.invoke(EventFiringWebDriver.java:82)
	at com.sun.proxy.$Proxy7.onException(Unknown Source)
	at org.openqa.selenium.support.events.EventFiringWebDriver$2.invoke(EventFiringWebDriver.java:107)
	at com.sun.proxy.$Proxy8.getScreenshotAs(Unknown Source)
	at org.openqa.selenium.support.events.EventFiringWebDriver.getScreenshotAs(EventFiringWebDriver.java:288)
	at com.pj.loyalty.util.TestUtil.takeScreenshotAtEndOfTest(TestUtil.java:57)
	at com.pj.loyalty.util.WebEventListener.onException(WebEventListener.java:57)
	at sun.reflect.GeneratedMethodAccessor1.invoke(Unknown Source)
	at sun.reflect.DelegatingMethodAccessorImpl.invoke(DelegatingMethodAccessorImpl.java:43)
	at java.lang.reflect.Method.invoke(Method.java:498)
	at org.openqa.selenium.support.events.EventFiringWebDriver$1.invoke(EventFiringWebDriver.java:82)
	at com.sun.proxy.$Proxy7.onException(Unknown Source)
	at org.openqa.selenium.support.events.EventFiringWebDriver$2.invoke(EventFiringWebDriver.java:107)
	at com.sun.proxy.$Proxy8.getScreenshotAs(Unknown Source)
	at org.openqa.selenium.support.events.EventFiringWebDriver.getScreenshotAs(EventFiringWebDriver.java:288)
	at com.pj.loyalty.util.TestUtil.takeScreenshotAtEndOfTest(TestUtil.java:57)
	at com.pj.loyalty.util.WebEventListener.onException(WebEventListener.java:57)
	at sun.reflect.GeneratedMethodAccessor1.invoke(Unknown Source)
	at sun.reflect.DelegatingMethodAccessorImpl.invoke(DelegatingMethodAccessorImpl.java:43)
	at java.lang.reflect.Method.invoke(Method.java:498)
	at org.openqa.selenium.support.events.EventFiringWebDriver$1.invoke(EventFiringWebDriver.java:82)
	at com.sun.proxy.$Proxy7.onException(Unknown Source)
	at org.openqa.selenium.support.events.EventFiringWebDriver$2.invoke(EventFiringWebDriver.java:107)
	at com.sun.proxy.$Proxy8.getScreenshotAs(Unknown Source)
	at org.openqa.selenium.support.events.EventFiringWebDriver.getScreenshotAs(EventFiringWebDriver.java:288)
	at com.pj.loyalty.util.TestUtil.takeScreenshotAtEndOfTest(TestUtil.java:57)
	at com.pj.loyalty.util.WebEventListener.onException(WebEventListener.java:57)
	at sun.reflect.GeneratedMethodAccessor1.invoke(Unknown Source)
	at sun.reflect.DelegatingMethodAccessorImpl.invoke(DelegatingMethodAccessorImpl.java:43)
	at java.lang.reflect.Method.invoke(Method.java:498)
	at org.openqa.selenium.support.events.EventFiringWebDriver$1.invoke(EventFiringWebDriver.java:82)
	at com.sun.proxy.$Proxy7.onException(Unknown Source)
	at org.openqa.selenium.support.events.EventFiringWebDriver$2.invoke(EventFiringWebDriver.java:107)
	at com.sun.proxy.$Proxy8.getScreenshotAs(Unknown Source)
	at org.openqa.selenium.support.events.EventFiringWebDriver.getScreenshotAs(EventFiringWebDriver.java:288)
	at com.pj.loyalty.util.TestUtil.takeScreenshotAtEndOfTest(TestUtil.java:57)
	at com.pj.loyalty.util.WebEventListener.onException(WebEventListener.java:57)
	at sun.reflect.GeneratedMethodAccessor1.invoke(Unknown Source)
	at sun.reflect.DelegatingMethodAccessorImpl.invoke(DelegatingMethodAccessorImpl.java:43)
	at java.lang.reflect.Method.invoke(Method.java:498)
	at org.openqa.selenium.support.events.EventFiringWebDriver$1.invoke(EventFiringWebDriver.java:82)
	at com.sun.proxy.$Proxy7.onException(Unknown Source)
	at org.openqa.selenium.support.events.EventFiringWebDriver$2.invoke(EventFiringWebDriver.java:107)
	at com.sun.proxy.$Proxy8.getScreenshotAs(Unknown Source)
	at org.openqa.selenium.support.events.EventFiringWebDriver.getScreenshotAs(EventFiringWebDriver.java:288)
	at com.pj.loyalty.util.TestUtil.takeScreenshotAtEndOfTest(TestUtil.java:57)
	at com.pj.loyalty.util.WebEventListener.onException(WebEventListener.java:57)
	at sun.reflect.GeneratedMethodAccessor1.invoke(Unknown Source)
	at sun.reflect.DelegatingMethodAccessorImpl.invoke(DelegatingMethodAccessorImpl.java:43)
	at java.lang.reflect.Method.invoke(Method.java:498)
	at org.openqa.selenium.support.events.EventFiringWebDriver$1.invoke(EventFiringWebDriver.java:82)
	at com.sun.proxy.$Proxy7.onException(Unknown Source)
	at org.openqa.selenium.support.events.EventFiringWebDriver$2.invoke(EventFiringWebDriver.java:107)
	at com.sun.proxy.$Proxy8.getScreenshotAs(Unknown Source)
	at org.openqa.selenium.support.events.EventFiringWebDriver.getScreenshotAs(EventFiringWebDriver.java:288)
	at com.pj.loyalty.util.TestUtil.takeScreenshotAtEndOfTest(TestUtil.java:57)
	at com.pj.loyalty.util.WebEventListener.onException(WebEventListener.java:57)
	at sun.reflect.GeneratedMethodAccessor1.invoke(Unknown Source)
	at sun.reflect.DelegatingMethodAccessorImpl.invoke(DelegatingMethodAccessorImpl.java:43)
	at java.lang.reflect.Method.invoke(Method.java:498)
	at org.openqa.selenium.support.events.EventFiringWebDriver$1.invoke(EventFiringWebDriver.java:82)
	at com.sun.proxy.$Proxy7.onException(Unknown Source)
	at org.openqa.selenium.support.events.EventFiringWebDriver$2.invoke(EventFiringWebDriver.java:107)
	at com.sun.proxy.$Proxy8.getScreenshotAs(Unknown Source)
	at org.openqa.selenium.support.events.EventFiringWebDriver.getScreenshotAs(EventFiringWebDriver.java:288)
	at com.pj.loyalty.util.TestUtil.takeScreenshotAtEndOfTest(TestUtil.java:57)
	at com.pj.loyalty.util.WebEventListener.onException(WebEventListener.java:57)
	at sun.reflect.GeneratedMethodAccessor1.invoke(Unknown Source)
	at sun.reflect.DelegatingMethodAccessorImpl.invoke(DelegatingMethodAccessorImpl.java:43)
	at java.lang.reflect.Method.invoke(Method.java:498)
	at org.openqa.selenium.support.events.EventFiringWebDriver$1.invoke(EventFiringWebDriver.java:82)
	at com.sun.proxy.$Proxy7.onException(Unknown Source)
	at org.openqa.selenium.support.events.EventFiringWebDriver$2.invoke(EventFiringWebDriver.java:107)
	at com.sun.proxy.$Proxy8.getScreenshotAs(Unknown Source)
	at org.openqa.selenium.support.events.EventFiringWebDriver.getScreenshotAs(EventFiringWebDriver.java:288)
	at com.pj.loyalty.util.TestUtil.takeScreenshotAtEndOfTest(TestUtil.java:57)
	at com.pj.loyalty.util.WebEventListener.onException(WebEventListener.java:57)
	at sun.reflect.GeneratedMethodAccessor1.invoke(Unknown Source)
	at sun.reflect.DelegatingMethodAccessorImpl.invoke(DelegatingMethodAccessorImpl.java:43)
	at java.lang.reflect.Method.invoke(Method.java:498)
	at org.openqa.selenium.support.events.EventFiringWebDriver$1.invoke(EventFiringWebDriver.java:82)
	at com.sun.proxy.$Proxy7.onException(Unknown Source)
	at org.openqa.selenium.support.events.EventFiringWebDriver$2.invoke(EventFiringWebDriver.java:107)
	at com.sun.proxy.$Proxy8.getScreenshotAs(Unknown Source)
	at org.openqa.selenium.support.events.EventFiringWebDriver.getScreenshotAs(EventFiringWebDriver.java:288)
	at com.pj.loyalty.util.TestUtil.takeScreenshotAtEndOfTest(TestUtil.java:57)
	at com.pj.loyalty.util.WebEventListener.onException(WebEventListener.java:57)
	at sun.reflect.GeneratedMethodAccessor1.invoke(Unknown Source)
	at sun.reflect.DelegatingMethodAccessorImpl.invoke(DelegatingMethodAccessorImpl.java:43)
	at java.lang.reflect.Method.invoke(Method.java:498)
	at org.openqa.selenium.support.events.EventFiringWebDriver$1.invoke(EventFiringWebDriver.java:82)
	at com.sun.proxy.$Proxy7.onException(Unknown Source)
	at org.openqa.selenium.support.events.EventFiringWebDriver$2.invoke(EventFiringWebDriver.java:107)
	at com.sun.proxy.$Proxy8.getScreenshotAs(Unknown Source)
	at org.openqa.selenium.support.events.EventFiringWebDriver.getScreenshotAs(EventFiringWebDriver.java:288)
	at com.pj.loyalty.util.TestUtil.takeScreenshotAtEndOfTest(TestUtil.java:57)
	at com.pj.loyalty.util.WebEventListener.onException(WebEventListener.java:57)
	at sun.reflect.GeneratedMethodAccessor1.invoke(Unknown Source)
	at sun.reflect.DelegatingMethodAccessorImpl.invoke(DelegatingMethodAccessorImpl.java:43)
	at java.lang.reflect.Method.invoke(Method.java:498)
	at org.openqa.selenium.support.events.EventFiringWebDriver$1.invoke(EventFiringWebDriver.java:82)
	at com.sun.proxy.$Proxy7.onException(Unknown Source)
	at org.openqa.selenium.support.events.EventFiringWebDriver$2.invoke(EventFiringWebDriver.java:107)
	at com.sun.proxy.$Proxy8.getScreenshotAs(Unknown Source)
	at org.openqa.selenium.support.events.EventFiringWebDriver.getScreenshotAs(EventFiringWebDriver.java:288)
	at com.pj.loyalty.util.TestUtil.takeScreenshotAtEndOfTest(TestUtil.java:57)
	at com.pj.loyalty.util.WebEventListener.onException(WebEventListener.java:57)
	at sun.reflect.GeneratedMethodAccessor1.invoke(Unknown Source)
	at sun.reflect.DelegatingMethodAccessorImpl.invoke(DelegatingMethodAccessorImpl.java:43)
	at java.lang.reflect.Method.invoke(Method.java:498)
	at org.openqa.selenium.support.events.EventFiringWebDriver$1.invoke(EventFiringWebDriver.java:82)
	at com.sun.proxy.$Proxy7.onException(Unknown Source)
	at org.openqa.selenium.support.events.EventFiringWebDriver$2.invoke(EventFiringWebDriver.java:107)
	at com.sun.proxy.$Proxy8.getScreenshotAs(Unknown Source)
	at org.openqa.selenium.support.events.EventFiringWebDriver.getScreenshotAs(EventFiringWebDriver.java:288)
	at com.pj.loyalty.util.TestUtil.takeScreenshotAtEndOfTest(TestUtil.java:57)
	at com.pj.loyalty.util.WebEventListener.onException(WebEventListener.java:57)
	at sun.reflect.GeneratedMethodAccessor1.invoke(Unknown Source)
	at sun.reflect.DelegatingMethodAccessorImpl.invoke(DelegatingMethodAccessorImpl.java:43)
	at java.lang.reflect.Method.invoke(Method.java:498)
	at org.openqa.selenium.support.events.EventFiringWebDriver$1.invoke(EventFiringWebDriver.java:82)
	at com.sun.proxy.$Proxy7.onException(Unknown Source)
	at org.openqa.selenium.support.events.EventFiringWebDriver$2.invoke(EventFiringWebDriver.java:107)
	at com.sun.proxy.$Proxy8.getScreenshotAs(Unknown Source)
	at org.openqa.selenium.support.events.EventFiringWebDriver.getScreenshotAs(EventFiringWebDriver.java:288)
	at com.pj.loyalty.util.TestUtil.takeScreenshotAtEndOfTest(TestUtil.java:57)
	at com.pj.loyalty.util.WebEventListener.onException(WebEventListener.java:57)
	at sun.reflect.GeneratedMethodAccessor1.invoke(Unknown Source)
	at sun.reflect.DelegatingMethodAccessorImpl.invoke(DelegatingMethodAccessorImpl.java:43)
	at java.lang.reflect.Method.invoke(Method.java:498)
	at org.openqa.selenium.support.events.EventFiringWebDriver$1.invoke(EventFiringWebDriver.java:82)
	at com.sun.proxy.$Proxy7.onException(Unknown Source)
	at org.openqa.selenium.support.events.EventFiringWebDriver$2.invoke(EventFiringWebDriver.java:107)
	at com.sun.proxy.$Proxy8.getScreenshotAs(Unknown Source)
	at org.openqa.selenium.support.events.EventFiringWebDriver.getScreenshotAs(EventFiringWebDriver.java:288)
	at com.pj.loyalty.util.TestUtil.takeScreenshotAtEndOfTest(TestUtil.java:57)
	at com.pj.loyalty.util.WebEventListener.onException(WebEventListener.java:57)
	at sun.reflect.GeneratedMethodAccessor1.invoke(Unknown Source)
	at sun.reflect.DelegatingMethodAccessorImpl.invoke(DelegatingMethodAccessorImpl.java:43)
	at java.lang.reflect.Method.invoke(Method.java:498)
	at org.openqa.selenium.support.events.EventFiringWebDriver$1.invoke(EventFiringWebDriver.java:82)
	at com.sun.proxy.$Proxy7.onException(Unknown Source)
	at org.openqa.selenium.support.events.EventFiringWebDriver$2.invoke(EventFiringWebDriver.java:107)
	at com.sun.proxy.$Proxy8.getScreenshotAs(Unknown Source)
	at org.openqa.selenium.support.events.EventFiringWebDriver.getScreenshotAs(EventFiringWebDriver.java:288)
	at com.pj.loyalty.util.TestUtil.takeScreenshotAtEndOfTest(TestUtil.java:57)
	at com.pj.loyalty.util.WebEventListener.onException(WebEventListener.java:57)
	at sun.reflect.GeneratedMethodAccessor1.invoke(Unknown Source)
	at sun.reflect.DelegatingMethodAccessorImpl.invoke(DelegatingMethodAccessorImpl.java:43)
	at java.lang.reflect.Method.invoke(Method.java:498)
	at org.openqa.selenium.support.events.EventFiringWebDriver$1.invoke(EventFiringWebDriver.java:82)
	at com.sun.proxy.$Proxy7.onException(Unknown Source)
	at org.openqa.selenium.support.events.EventFiringWebDriver$2.invoke(EventFiringWebDriver.java:107)
	at com.sun.proxy.$Proxy8.getScreenshotAs(Unknown Source)
	at org.openqa.selenium.support.events.EventFiringWebDriver.getScreenshotAs(EventFiringWebDriver.java:288)
	at com.pj.loyalty.util.TestUtil.takeScreenshotAtEndOfTest(TestUtil.java:57)
	at com.pj.loyalty.util.WebEventListener.onException(WebEventListener.java:57)
	at sun.reflect.GeneratedMethodAccessor1.invoke(Unknown Source)
	at sun.reflect.DelegatingMethodAccessorImpl.invoke(DelegatingMethodAccessorImpl.java:43)
	at java.lang.reflect.Method.invoke(Method.java:498)
	at org.openqa.selenium.support.events.EventFiringWebDriver$1.invoke(EventFiringWebDriver.java:82)
	at com.sun.proxy.$Proxy7.onException(Unknown Source)
	at org.openqa.selenium.support.events.EventFiringWebDriver$2.invoke(EventFiringWebDriver.java:107)
	at com.sun.proxy.$Proxy8.getScreenshotAs(Unknown Source)
	at org.openqa.selenium.support.events.EventFiringWebDriver.getScreenshotAs(EventFiringWebDriver.java:288)
	at com.pj.loyalty.util.TestUtil.takeScreenshotAtEndOfTest(TestUtil.java:57)
	at com.pj.loyalty.util.WebEventListener.onException(WebEventListener.java:57)
	at sun.reflect.GeneratedMethodAccessor1.invoke(Unknown Source)
	at sun.reflect.DelegatingMethodAccessorImpl.invoke(DelegatingMethodAccessorImpl.java:43)
	at java.lang.reflect.Method.invoke(Method.java:498)
	at org.openqa.selenium.support.events.EventFiringWebDriver$1.invoke(EventFiringWebDriver.java:82)
	at com.sun.proxy.$Proxy7.onException(Unknown Source)
	at org.openqa.selenium.support.events.EventFiringWebDriver$2.invoke(EventFiringWebDriver.java:107)
	at com.sun.proxy.$Proxy8.getScreenshotAs(Unknown Source)
	at org.openqa.selenium.support.events.EventFiringWebDriver.getScreenshotAs(EventFiringWebDriver.java:288)
	at com.pj.loyalty.util.TestUtil.takeScreenshotAtEndOfTest(TestUtil.java:57)
	at com.pj.loyalty.util.WebEventListener.onException(WebEventListener.java:57)
	at sun.reflect.GeneratedMethodAccessor1.invoke(Unknown Source)
	at sun.reflect.DelegatingMethodAccessorImpl.invoke(DelegatingMethodAccessorImpl.java:43)
	at java.lang.reflect.Method.invoke(Method.java:498)
	at org.openqa.selenium.support.events.EventFiringWebDriver$1.invoke(EventFiringWebDriver.java:82)
	at com.sun.proxy.$Proxy7.onException(Unknown Source)
	at org.openqa.selenium.support.events.EventFiringWebDriver$2.invoke(EventFiringWebDriver.java:107)
	at com.sun.proxy.$Proxy8.getScreenshotAs(Unknown Source)
	at org.openqa.selenium.support.events.EventFiringWebDriver.getScreenshotAs(EventFiringWebDriver.java:288)
	at com.pj.loyalty.util.TestUtil.takeScreenshotAtEndOfTest(TestUtil.java:57)
	at com.pj.loyalty.util.WebEventListener.onException(WebEventListener.java:57)
	at sun.reflect.GeneratedMethodAccessor1.invoke(Unknown Source)
	at sun.reflect.DelegatingMethodAccessorImpl.invoke(DelegatingMethodAccessorImpl.java:43)
	at java.lang.reflect.Method.invoke(Method.java:498)
	at org.openqa.selenium.support.events.EventFiringWebDriver$1.invoke(EventFiringWebDriver.java:82)
	at com.sun.proxy.$Proxy7.onException(Unknown Source)
	at org.openqa.selenium.support.events.EventFiringWebDriver$2.invoke(EventFiringWebDriver.java:107)
	at com.sun.proxy.$Proxy8.getScreenshotAs(Unknown Source)
	at org.openqa.selenium.support.events.EventFiringWebDriver.getScreenshotAs(EventFiringWebDriver.java:288)
	at com.pj.loyalty.util.TestUtil.takeScreenshotAtEndOfTest(TestUtil.java:57)
	at com.pj.loyalty.util.WebEventListener.onException(WebEventListener.java:57)
	at sun.reflect.GeneratedMethodAccessor1.invoke(Unknown Source)
	at sun.reflect.DelegatingMethodAccessorImpl.invoke(DelegatingMethodAccessorImpl.java:43)
	at java.lang.reflect.Method.invoke(Method.java:498)
	at org.openqa.selenium.support.events.EventFiringWebDriver$1.invoke(EventFiringWebDriver.java:82)
	at com.sun.proxy.$Proxy7.onException(Unknown Source)
	at org.openqa.selenium.support.events.EventFiringWebDriver$2.invoke(EventFiringWebDriver.java:107)
	at com.sun.proxy.$Proxy8.getScreenshotAs(Unknown Source)
	at org.openqa.selenium.support.events.EventFiringWebDriver.getScreenshotAs(EventFiringWebDriver.java:288)
	at com.pj.loyalty.util.TestUtil.takeScreenshotAtEndOfTest(TestUtil.java:57)
	at com.pj.loyalty.util.WebEventListener.onException(WebEventListener.java:57)
	at sun.reflect.GeneratedMethodAccessor1.invoke(Unknown Source)
	at sun.reflect.DelegatingMethodAccessorImpl.invoke(DelegatingMethodAccessorImpl.java:43)
	at java.lang.reflect.Method.invoke(Method.java:498)
	at org.openqa.selenium.support.events.EventFiringWebDriver$1.invoke(EventFiringWebDriver.java:82)
	at com.sun.proxy.$Proxy7.onException(Unknown Source)
	at org.openqa.selenium.support.events.EventFiringWebDriver$2.invoke(EventFiringWebDriver.java:107)
	at com.sun.proxy.$Proxy8.getScreenshotAs(Unknown Source)
	at org.openqa.selenium.support.events.EventFiringWebDriver.getScreenshotAs(EventFiringWebDriver.java:288)
	at com.pj.loyalty.util.TestUtil.takeScreenshotAtEndOfTest(TestUtil.java:57)
	at com.pj.loyalty.util.WebEventListener.onException(WebEventListener.java:57)
	at sun.reflect.GeneratedMethodAccessor1.invoke(Unknown Source)
	at sun.reflect.DelegatingMethodAccessorImpl.invoke(DelegatingMethodAccessorImpl.java:43)
	at java.lang.reflect.Method.invoke(Method.java:498)
	at org.openqa.selenium.support.events.EventFiringWebDriver$1.invoke(EventFiringWebDriver.java:82)
	at com.sun.proxy.$Proxy7.onException(Unknown Source)
	at org.openqa.selenium.support.events.EventFiringWebDriver$2.invoke(EventFiringWebDriver.java:107)
	at com.sun.proxy.$Proxy8.getScreenshotAs(Unknown Source)
	at org.openqa.selenium.support.events.EventFiringWebDriver.getScreenshotAs(EventFiringWebDriver.java:288)
	at com.pj.loyalty.util.TestUtil.takeScreenshotAtEndOfTest(TestUtil.java:57)
	at com.pj.loyalty.util.WebEventListener.onException(WebEventListener.java:57)
	at sun.reflect.GeneratedMethodAccessor1.invoke(Unknown Source)
	at sun.reflect.DelegatingMethodAccessorImpl.invoke(DelegatingMethodAccessorImpl.java:43)
	at java.lang.reflect.Method.invoke(Method.java:498)
	at org.openqa.selenium.support.events.EventFiringWebDriver$1.invoke(EventFiringWebDriver.java:82)
	at com.sun.proxy.$Proxy7.onException(Unknown Source)
	at org.openqa.selenium.support.events.EventFiringWebDriver$2.invoke(EventFiringWebDriver.java:107)
	at com.sun.proxy.$Proxy8.getScreenshotAs(Unknown Source)
	at org.openqa.selenium.support.events.EventFiringWebDriver.getScreenshotAs(EventFiringWebDriver.java:288)
	at com.pj.loyalty.util.TestUtil.takeScreenshotAtEndOfTest(TestUtil.java:57)
	at com.pj.loyalty.util.WebEventListener.onException(WebEventListener.java:57)
	at sun.reflect.GeneratedMethodAccessor1.invoke(Unknown Source)
	at sun.reflect.DelegatingMethodAccessorImpl.invoke(DelegatingMethodAccessorImpl.java:43)
	at java.lang.reflect.Method.invoke(Method.java:498)
	at org.openqa.selenium.support.events.EventFiringWebDriver$1.invoke(EventFiringWebDriver.java:82)
	at com.sun.proxy.$Proxy7.onException(Unknown Source)
	at org.openqa.selenium.support.events.EventFiringWebDriver$2.invoke(EventFiringWebDriver.java:107)
	at com.sun.proxy.$Proxy8.getScreenshotAs(Unknown Source)
	at org.openqa.selenium.support.events.EventFiringWebDriver.getScreenshotAs(EventFiringWebDriver.java:288)
	at com.pj.loyalty.util.TestUtil.takeScreenshotAtEndOfTest(TestUtil.java:57)
	at com.pj.loyalty.util.WebEventListener.onException(WebEventListener.java:57)
	at sun.reflect.GeneratedMethodAccessor1.invoke(Unknown Source)
	at sun.reflect.DelegatingMethodAccessorImpl.invoke(DelegatingMethodAccessorImpl.java:43)
	at java.lang.reflect.Method.invoke(Method.java:498)
	at org.openqa.selenium.support.events.EventFiringWebDriver$1.invoke(EventFiringWebDriver.java:82)
	at com.sun.proxy.$Proxy7.onException(Unknown Source)
	at org.openqa.selenium.support.events.EventFiringWebDriver$2.invoke(EventFiringWebDriver.java:107)
	at com.sun.proxy.$Proxy8.getScreenshotAs(Unknown Source)
	at org.openqa.selenium.support.events.EventFiringWebDriver.getScreenshotAs(EventFiringWebDriver.java:288)
	at com.pj.loyalty.util.TestUtil.takeScreenshotAtEndOfTest(TestUtil.java:57)
	at com.pj.loyalty.util.WebEventListener.onException(WebEventListener.java:57)
	at sun.reflect.GeneratedMethodAccessor1.invoke(Unknown Source)
	at sun.reflect.DelegatingMethodAccessorImpl.invoke(DelegatingMethodAccessorImpl.java:43)
	at java.lang.reflect.Method.invoke(Method.java:498)
	at org.openqa.selenium.support.events.EventFiringWebDriver$1.invoke(EventFiringWebDriver.java:82)
	at com.sun.proxy.$Proxy7.onException(Unknown Source)
	at org.openqa.selenium.support.events.EventFiringWebDriver$2.invoke(EventFiringWebDriver.java:107)
	at com.sun.proxy.$Proxy8.getScreenshotAs(Unknown Source)
	at org.openqa.selenium.support.events.EventFiringWebDriver.getScreenshotAs(EventFiringWebDriver.java:288)
	at com.pj.loyalty.util.TestUtil.takeScreenshotAtEndOfTest(TestUtil.java:57)
	at com.pj.loyalty.util.WebEventListener.onException(WebEventListener.java:57)
	at sun.reflect.GeneratedMethodAccessor1.invoke(Unknown Source)
	at sun.reflect.DelegatingMethodAccessorImpl.invoke(DelegatingMethodAccessorImpl.java:43)
	at java.lang.reflect.Method.invoke(Method.java:498)
	at org.openqa.selenium.support.events.EventFiringWebDriver$1.invoke(EventFiringWebDriver.java:82)
	at com.sun.proxy.$Proxy7.onException(Unknown Source)
	at org.openqa.selenium.support.events.EventFiringWebDriver$2.invoke(EventFiringWebDriver.java:107)
	at com.sun.proxy.$Proxy8.getScreenshotAs(Unknown Source)
	at org.openqa.selenium.support.events.EventFiringWebDriver.getScreenshotAs(EventFiringWebDriver.java:288)
	at com.pj.loyalty.util.TestUtil.takeScreenshotAtEndOfTest(TestUtil.java:57)
	at com.pj.loyalty.util.WebEventListener.onException(WebEventListener.java:57)
	at sun.reflect.GeneratedMethodAccessor1.invoke(Unknown Source)
	at sun.reflect.DelegatingMethodAccessorImpl.invoke(DelegatingMethodAccessorImpl.java:43)
	at java.lang.reflect.Method.invoke(Method.java:498)
	at org.openqa.selenium.support.events.EventFiringWebDriver$1.invoke(EventFiringWebDriver.java:82)
	at com.sun.proxy.$Proxy7.onException(Unknown Source)
	at org.openqa.selenium.support.events.EventFiringWebDriver$2.invoke(EventFiringWebDriver.java:107)
	at com.sun.proxy.$Proxy8.getScreenshotAs(Unknown Source)
	at org.openqa.selenium.support.events.EventFiringWebDriver.getScreenshotAs(EventFiringWebDriver.java:288)
	at com.pj.loyalty.util.TestUtil.takeScreenshotAtEndOfTest(TestUtil.java:57)
	at com.pj.loyalty.util.WebEventListener.onException(WebEventListener.java:57)
	at sun.reflect.GeneratedMethodAccessor1.invoke(Unknown Source)
	at sun.reflect.DelegatingMethodAccessorImpl.invoke(DelegatingMethodAccessorImpl.java:43)
	at java.lang.reflect.Method.invoke(Method.java:498)
	at org.openqa.selenium.support.events.EventFiringWebDriver$1.invoke(EventFiringWebDriver.java:82)
	at com.sun.proxy.$Proxy7.onException(Unknown Source)
	at org.openqa.selenium.support.events.EventFiringWebDriver$2.invoke(EventFiringWebDriver.java:107)
	at com.sun.proxy.$Proxy8.getScreenshotAs(Unknown Source)
	at org.openqa.selenium.support.events.EventFiringWebDriver.getScreenshotAs(EventFiringWebDriver.java:288)
	at com.pj.loyalty.util.TestUtil.takeScreenshotAtEndOfTest(TestUtil.java:57)
	at com.pj.loyalty.util.WebEventListener.onException(WebEventListener.java:57)
	at sun.reflect.GeneratedMethodAccessor1.invoke(Unknown Source)
	at sun.reflect.DelegatingMethodAccessorImpl.invoke(DelegatingMethodAccessorImpl.java:43)
	at java.lang.reflect.Method.invoke(Method.java:498)
	at org.openqa.selenium.support.events.EventFiringWebDriver$1.invoke(EventFiringWebDriver.java:82)
	at com.sun.proxy.$Proxy7.onException(Unknown Source)
	at org.openqa.selenium.support.events.EventFiringWebDriver$2.invoke(EventFiringWebDriver.java:107)
	at com.sun.proxy.$Proxy8.getScreenshotAs(Unknown Source)
	at org.openqa.selenium.support.events.EventFiringWebDriver.getScreenshotAs(EventFiringWebDriver.java:288)
	at com.pj.loyalty.util.TestUtil.takeScreenshotAtEndOfTest(TestUtil.java:57)
	at com.pj.loyalty.util.WebEventListener.onException(WebEventListener.java:57)
	at sun.reflect.GeneratedMethodAccessor1.invoke(Unknown Source)
	at sun.reflect.DelegatingMethodAccessorImpl.invoke(DelegatingMethodAccessorImpl.java:43)
	at java.lang.reflect.Method.invoke(Method.java:498)
	at org.openqa.selenium.support.events.EventFiringWebDriver$1.invoke(EventFiringWebDriver.java:82)
	at com.sun.proxy.$Proxy7.onException(Unknown Source)
	at org.openqa.selenium.support.events.EventFiringWebDriver$2.invoke(EventFiringWebDriver.java:107)
	at com.sun.proxy.$Proxy8.getScreenshotAs(Unknown Source)
	at org.openqa.selenium.support.events.EventFiringWebDriver.getScreenshotAs(EventFiringWebDriver.java:288)
	at com.pj.loyalty.util.TestUtil.takeScreenshotAtEndOfTest(TestUtil.java:57)
	at com.pj.loyalty.util.WebEventListener.onException(WebEventListener.java:57)
	at sun.reflect.GeneratedMethodAccessor1.invoke(Unknown Source)
	at sun.reflect.DelegatingMethodAccessorImpl.invoke(DelegatingMethodAccessorImpl.java:43)
	at java.lang.reflect.Method.invoke(Method.java:498)
	at org.openqa.selenium.support.events.EventFiringWebDriver$1.invoke(EventFiringWebDriver.java:82)
	at com.sun.proxy.$Proxy7.onException(Unknown Source)
	at org.openqa.selenium.support.events.EventFiringWebDriver$2.invoke(EventFiringWebDriver.java:107)
	at com.sun.proxy.$Proxy8.getScreenshotAs(Unknown Source)
	at org.openqa.selenium.support.events.EventFiringWebDriver.getScreenshotAs(EventFiringWebDriver.java:288)
	at com.pj.loyalty.util.TestUtil.takeScreenshotAtEndOfTest(TestUtil.java:57)
	at com.pj.loyalty.util.WebEventListener.onException(WebEventListener.java:57)
	at sun.reflect.GeneratedMethodAccessor1.invoke(Unknown Source)
	at sun.reflect.DelegatingMethodAccessorImpl.invoke(DelegatingMethodAccessorImpl.java:43)
	at java.lang.reflect.Method.invoke(Method.java:498)
	at org.openqa.selenium.support.events.EventFiringWebDriver$1.invoke(EventFiringWebDriver.java:82)
	at com.sun.proxy.$Proxy7.onException(Unknown Source)
	at org.openqa.selenium.support.events.EventFiringWebDriver$2.invoke(EventFiringWebDriver.java:107)
	at com.sun.proxy.$Proxy8.getScreenshotAs(Unknown Source)
	at org.openqa.selenium.support.events.EventFiringWebDriver.getScreenshotAs(EventFiringWebDriver.java:288)
	at com.pj.loyalty.util.TestUtil.takeScreenshotAtEndOfTest(TestUtil.java:57)
	at com.pj.loyalty.util.WebEventListener.onException(WebEventListener.java:57)
	at sun.reflect.GeneratedMethodAccessor1.invoke(Unknown Source)
	at sun.reflect.DelegatingMethodAccessorImpl.invoke(DelegatingMethodAccessorImpl.java:43)
	at java.lang.reflect.Method.invoke(Method.java:498)
	at org.openqa.selenium.support.events.EventFiringWebDriver$1.invoke(EventFiringWebDriver.java:82)
	at com.sun.proxy.$Proxy7.onException(Unknown Source)
	at org.openqa.selenium.support.events.EventFiringWebDriver$2.invoke(EventFiringWebDriver.java:107)
	at com.sun.proxy.$Proxy8.getScreenshotAs(Unknown Source)
	at org.openqa.selenium.support.events.EventFiringWebDriver.getScreenshotAs(EventFiringWebDriver.java:288)
	at com.pj.loyalty.util.TestUtil.takeScreenshotAtEndOfTest(TestUtil.java:57)
	at com.pj.loyalty.util.WebEventListener.onException(WebEventListener.java:57)
	at sun.reflect.GeneratedMethodAccessor1.invoke(Unknown Source)
	at sun.reflect.DelegatingMethodAccessorImpl.invoke(DelegatingMethodAccessorImpl.java:43)
	at java.lang.reflect.Method.invoke(Method.java:498)
	at org.openqa.selenium.support.events.EventFiringWebDriver$1.invoke(EventFiringWebDriver.java:82)
	at com.sun.proxy.$Proxy7.onException(Unknown Source)
	at org.openqa.selenium.support.events.EventFiringWebDriver$2.invoke(EventFiringWebDriver.java:107)
	at com.sun.proxy.$Proxy8.getScreenshotAs(Unknown Source)
	at org.openqa.selenium.support.events.EventFiringWebDriver.getScreenshotAs(EventFiringWebDriver.java:288)
	at com.pj.loyalty.util.TestUtil.takeScreenshotAtEndOfTest(TestUtil.java:57)
	at com.pj.loyalty.util.WebEventListener.onException(WebEventListener.java:57)
	at sun.reflect.GeneratedMethodAccessor1.invoke(Unknown Source)
	at sun.reflect.DelegatingMethodAccessorImpl.invoke(DelegatingMethodAccessorImpl.java:43)
	at java.lang.reflect.Method.invoke(Method.java:498)
	at org.openqa.selenium.support.events.EventFiringWebDriver$1.invoke(EventFiringWebDriver.java:82)
	at com.sun.proxy.$Proxy7.onException(Unknown Source)
	at org.openqa.selenium.support.events.EventFiringWebDriver$2.invoke(EventFiringWebDriver.java:107)
	at com.sun.proxy.$Proxy8.getScreenshotAs(Unknown Source)
	at org.openqa.selenium.support.events.EventFiringWebDriver.getScreenshotAs(EventFiringWebDriver.java:288)
	at com.pj.loyalty.util.TestUtil.takeScreenshotAtEndOfTest(TestUtil.java:57)
	at com.pj.loyalty.util.WebEventListener.onException(WebEventListener.java:57)
	at sun.reflect.GeneratedMethodAccessor1.invoke(Unknown Source)
	at sun.reflect.DelegatingMethodAccessorImpl.invoke(DelegatingMethodAccessorImpl.java:43)
	at java.lang.reflect.Method.invoke(Method.java:498)
	at org.openqa.selenium.support.events.EventFiringWebDriver$1.invoke(EventFiringWebDriver.java:82)
	at com.sun.proxy.$Proxy7.onException(Unknown Source)
	at org.openqa.selenium.support.events.EventFiringWebDriver$2.invoke(EventFiringWebDriver.java:107)
	at com.sun.proxy.$Proxy8.getScreenshotAs(Unknown Source)
	at org.openqa.selenium.support.events.EventFiringWebDriver.getScreenshotAs(EventFiringWebDriver.java:288)
	at com.pj.loyalty.util.TestUtil.takeScreenshotAtEndOfTest(TestUtil.java:57)
	at com.pj.loyalty.util.WebEventListener.onException(WebEventListener.java:57)
	at sun.reflect.GeneratedMethodAccessor1.invoke(Unknown Source)
	at sun.reflect.DelegatingMethodAccessorImpl.invoke(DelegatingMethodAccessorImpl.java:43)
	at java.lang.reflect.Method.invoke(Method.java:498)
	at org.openqa.selenium.support.events.EventFiringWebDriver$1.invoke(EventFiringWebDriver.java:82)
	at com.sun.proxy.$Proxy7.onException(Unknown Source)
	at org.openqa.selenium.support.events.EventFiringWebDriver$2.invoke(EventFiringWebDriver.java:107)
	at com.sun.proxy.$Proxy8.getScreenshotAs(Unknown Source)
	at org.openqa.selenium.support.events.EventFiringWebDriver.getScreenshotAs(EventFiringWebDriver.java:288)
	at com.pj.loyalty.util.TestUtil.takeScreenshotAtEndOfTest(TestUtil.java:57)
	at com.pj.loyalty.util.WebEventListener.onException(WebEventListener.java:57)
	at sun.reflect.GeneratedMethodAccessor1.invoke(Unknown Source)
	at sun.reflect.DelegatingMethodAccessorImpl.invoke(DelegatingMethodAccessorImpl.java:43)
	at java.lang.reflect.Method.invoke(Method.java:498)
	at org.openqa.selenium.support.events.EventFiringWebDriver$1.invoke(EventFiringWebDriver.java:82)
	at com.sun.proxy.$Proxy7.onException(Unknown Source)
	at org.openqa.selenium.support.events.EventFiringWebDriver$2.invoke(EventFiringWebDriver.java:107)
	at com.sun.proxy.$Proxy8.getScreenshotAs(Unknown Source)
	at org.openqa.selenium.support.events.EventFiringWebDriver.getScreenshotAs(EventFiringWebDriver.java:288)
	at com.pj.loyalty.util.TestUtil.takeScreenshotAtEndOfTest(TestUtil.java:57)
	at com.pj.loyalty.util.WebEventListener.onException(WebEventListener.java:57)
	at sun.reflect.GeneratedMethodAccessor1.invoke(Unknown Source)
	at sun.reflect.DelegatingMethodAccessorImpl.invoke(DelegatingMethodAccessorImpl.java:43)
	at java.lang.reflect.Method.invoke(Method.java:498)
	at org.openqa.selenium.support.events.EventFiringWebDriver$1.invoke(EventFiringWebDriver.java:82)
	at com.sun.proxy.$Proxy7.onException(Unknown Source)
	at org.openqa.selenium.support.events.EventFiringWebDriver$2.invoke(EventFiringWebDriver.java:107)
	at com.sun.proxy.$Proxy8.getScreenshotAs(Unknown Source)
	at org.openqa.selenium.support.events.EventFiringWebDriver.getScreenshotAs(EventFiringWebDriver.java:288)
	at com.pj.loyalty.util.TestUtil.takeScreenshotAtEndOfTest(TestUtil.java:57)
	at com.pj.loyalty.util.WebEventListener.onException(WebEventListener.java:57)
	at sun.reflect.GeneratedMethodAccessor1.invoke(Unknown Source)
	at sun.reflect.DelegatingMethodAccessorImpl.invoke(DelegatingMethodAccessorImpl.java:43)
	at java.lang.reflect.Method.invoke(Method.java:498)
	at org.openqa.selenium.support.events.EventFiringWebDriver$1.invoke(EventFiringWebDriver.java:82)
	at com.sun.proxy.$Proxy7.onException(Unknown Source)
	at org.openqa.selenium.support.events.EventFiringWebDriver$2.invoke(EventFiringWebDriver.java:107)
	at com.sun.proxy.$Proxy8.getScreenshotAs(Unknown Source)
	at org.openqa.selenium.support.events.EventFiringWebDriver.getScreenshotAs(EventFiringWebDriver.java:288)
	at com.pj.loyalty.util.TestUtil.takeScreenshotAtEndOfTest(TestUtil.java:57)
	at com.pj.loyalty.util.WebEventListener.onException(WebEventListener.java:57)
	at sun.reflect.GeneratedMethodAccessor1.invoke(Unknown Source)
	at sun.reflect.DelegatingMethodAccessorImpl.invoke(DelegatingMethodAccessorImpl.java:43)
	at java.lang.reflect.Method.invoke(Method.java:498)
	at org.openqa.selenium.support.events.EventFiringWebDriver$1.invoke(EventFiringWebDriver.java:82)
	at com.sun.proxy.$Proxy7.onException(Unknown Source)
	at org.openqa.selenium.support.events.EventFiringWebDriver$2.invoke(EventFiringWebDriver.java:107)
	at com.sun.proxy.$Proxy8.getScreenshotAs(Unknown Source)
	at org.openqa.selenium.support.events.EventFiringWebDriver.getScreenshotAs(EventFiringWebDriver.java:288)
	at com.pj.loyalty.util.TestUtil.takeScreenshotAtEndOfTest(TestUtil.java:57)
	at com.pj.loyalty.util.WebEventListener.onException(WebEventListener.java:57)
	at sun.reflect.GeneratedMethodAccessor1.invoke(Unknown Source)
	at sun.reflect.DelegatingMethodAccessorImpl.invoke(DelegatingMethodAccessorImpl.java:43)
	at java.lang.reflect.Method.invoke(Method.java:498)
	at org.openqa.selenium.support.events.EventFiringWebDriver$1.invoke(EventFiringWebDriver.java:82)
	at com.sun.proxy.$Proxy7.onException(Unknown Source)
	at org.openqa.selenium.support.events.EventFiringWebDriver$2.invoke(EventFiringWebDriver.java:107)
	at com.sun.proxy.$Proxy8.getScreenshotAs(Unknown Source)
	at org.openqa.selenium.support.events.EventFiringWebDriver.getScreenshotAs(EventFiringWebDriver.java:288)
	at com.pj.loyalty.util.TestUtil.takeScreenshotAtEndOfTest(TestUtil.java:57)
	at com.pj.loyalty.util.WebEventListener.onException(WebEventListener.java:57)
	at sun.reflect.GeneratedMethodAccessor1.invoke(Unknown Source)
	at sun.reflect.DelegatingMethodAccessorImpl.invoke(DelegatingMethodAccessorImpl.java:43)
	at java.lang.reflect.Method.invoke(Method.java:498)
	at org.openqa.selenium.support.events.EventFiringWebDriver$1.invoke(EventFiringWebDriver.java:82)
	at com.sun.proxy.$Proxy7.onException(Unknown Source)
	at org.openqa.selenium.support.events.EventFiringWebDriver$2.invoke(EventFiringWebDriver.java:107)
	at com.sun.proxy.$Proxy8.getScreenshotAs(Unknown Source)
	at org.openqa.selenium.support.events.EventFiringWebDriver.getScreenshotAs(EventFiringWebDriver.java:288)
	at com.pj.loyalty.util.TestUtil.takeScreenshotAtEndOfTest(TestUtil.java:57)
	at com.pj.loyalty.util.WebEventListener.onException(WebEventListener.java:57)
	at sun.reflect.GeneratedMethodAccessor1.invoke(Unknown Source)
	at sun.reflect.DelegatingMethodAccessorImpl.invoke(DelegatingMethodAccessorImpl.java:43)
	at java.lang.reflect.Method.invoke(Method.java:498)
	at org.openqa.selenium.support.events.EventFiringWebDriver$1.invoke(EventFiringWebDriver.java:82)
	at com.sun.proxy.$Proxy7.onException(Unknown Source)
	at org.openqa.selenium.support.events.EventFiringWebDriver$2.invoke(EventFiringWebDriver.java:107)
	at com.sun.proxy.$Proxy8.getScreenshotAs(Unknown Source)
	at org.openqa.selenium.support.events.EventFiringWebDriver.getScreenshotAs(EventFiringWebDriver.java:288)
	at com.pj.loyalty.util.TestUtil.takeScreenshotAtEndOfTest(TestUtil.java:57)
[...]
	at java.lang.reflect.Method.invoke(Method.java:498)
	at org.openqa.selenium.support.events.EventFiringWebDriver$1.invoke(EventFiringWebDriver.java:82)
	at com.sun.proxy.$Proxy7.onException(Unknown Source)
	at org.openqa.selenium.support.events.EventFiringWebDriver$2.invoke(EventFiringWebDriver.java:107)
	at com.sun.proxy.$Proxy8.getScreenshotAs(Unknown Source)
	at org.openqa.selenium.support.events.EventFiringWebDriver.getScreenshotAs(EventFiringWebDriver.java:288)
	at com.pj.loyalty.util.TestUtil.takeScreenshotAtEndOfTest(TestUtil.java:57)
	at com.pj.loyalty.util.WebEventListener.onException(WebEventListener.java:57)
	at sun.reflect.GeneratedMethodAccessor1.invoke(Unknown Source)
	at sun.reflect.DelegatingMethodAccessorImpl.invoke(DelegatingMethodAccessorImpl.java:43)
	at java.lang.reflect.Method.invoke(Method.java:498)
	at org.openqa.selenium.support.events.EventFiringWebDriver$1.invoke(EventFiringWebDriver.java:82)
	at com.sun.proxy.$Proxy7.onException(Unknown Source)
	at org.openqa.selenium.support.events.EventFiringWebDriver$2.invoke(EventFiringWebDriver.java:107)
	at com.sun.proxy.$Proxy8.getScreenshotAs(Unknown Source)
	at org.openqa.selenium.support.events.EventFiringWebDriver.getScreenshotAs(EventFiringWebDriver.java:288)
	at com.pj.loyalty.util.TestUtil.takeScreenshotAtEndOfTest(TestUtil.java:57)
	at com.pj.loyalty.util.WebEventListener.onException(WebEventListener.java:57)
	at sun.reflect.GeneratedMethodAccessor1.invoke(Unknown Source)
	at sun.reflect.DelegatingMethodAccessorImpl.invoke(DelegatingMethodAccessorImpl.java:43)
	at java.lang.reflect.Method.invoke(Method.java:498)
	at org.openqa.selenium.support.events.EventFiringWebDriver$1.invoke(EventFiringWebDriver.java:82)
	at com.sun.proxy.$Proxy7.onException(Unknown Source)
	at org.openqa.selenium.support.events.EventFiringWebDriver$2.invoke(EventFiringWebDriver.java:107)
	at com.sun.proxy.$Proxy8.getScreenshotAs(Unknown Source)
	at org.openqa.selenium.support.events.EventFiringWebDriver.getScreenshotAs(EventFiringWebDriver.java:288)
	at com.pj.loyalty.util.TestUtil.takeScreenshotAtEndOfTest(TestUtil.java:57)
	at com.pj.loyalty.util.WebEventListener.onException(WebEventListener.java:57)
	at sun.reflect.GeneratedMethodAccessor1.invoke(Unknown Source)
	at sun.reflect.DelegatingMethodAccessorImpl.invoke(DelegatingMethodAccessorImpl.java:43)
	at java.lang.reflect.Method.invoke(Method.java:498)
	at org.openqa.selenium.support.events.EventFiringWebDriver$1.invoke(EventFiringWebDriver.java:82)
	at com.sun.proxy.$Proxy7.onException(Unknown Source)
	at org.openqa.selenium.support.events.EventFiringWebDriver$2.invoke(EventFiringWebDriver.java:107)
	at com.sun.proxy.$Proxy8.getScreenshotAs(Unknown Source)
	at org.openqa.selenium.support.events.EventFiringWebDriver.getScreenshotAs(EventFiringWebDriver.java:288)
	at com.pj.loyalty.util.TestUtil.takeScreenshotAtEndOfTest(TestUtil.java:57)
	at com.pj.loyalty.util.WebEventListener.onException(WebEventListener.java:57)
	at sun.reflect.GeneratedMethodAccessor1.invoke(Unknown Source)
	at sun.reflect.DelegatingMethodAccessorImpl.invoke(DelegatingMethodAccessorImpl.java:43)
	at java.lang.reflect.Method.invoke(Method.java:498)
	at org.openqa.selenium.support.events.EventFiringWebDriver$1.invoke(EventFiringWebDriver.java:82)
	at com.sun.proxy.$Proxy7.onException(Unknown Source)
	at org.openqa.selenium.support.events.EventFiringWebDriver$2.invoke(EventFiringWebDriver.java:107)
	at com.sun.proxy.$Proxy8.getScreenshotAs(Unknown Source)
	at org.openqa.selenium.support.events.EventFiringWebDriver.getScreenshotAs(EventFiringWebDriver.java:288)
	at com.pj.loyalty.util.TestUtil.takeScreenshotAtEndOfTest(TestUtil.java:57)
	at com.pj.loyalty.util.WebEventListener.onException(WebEventListener.java:57)
	at sun.reflect.GeneratedMethodAccessor1.invoke(Unknown Source)
	at sun.reflect.DelegatingMethodAccessorImpl.invoke(DelegatingMethodAccessorImpl.java:43)
	at java.lang.reflect.Method.invoke(Method.java:498)
	at org.openqa.selenium.support.events.EventFiringWebDriver$1.invoke(EventFiringWebDriver.java:82)
	at com.sun.proxy.$Proxy7.onException(Unknown Source)
	at org.openqa.selenium.support.events.EventFiringWebDriver$2.invoke(EventFiringWebDriver.java:107)
	at com.sun.proxy.$Proxy8.getScreenshotAs(Unknown Source)
	at org.openqa.selenium.support.events.EventFiringWebDriver.getScreenshotAs(EventFiringWebDriver.java:288)
	at com.pj.loyalty.util.TestUtil.takeScreenshotAtEndOfTest(TestUtil.java:57)
	at com.pj.loyalty.util.WebEventListener.onException(WebEventListener.java:57)
	at sun.reflect.GeneratedMethodAccessor1.invoke(Unknown Source)
	at sun.reflect.DelegatingMethodAccessorImpl.invoke(DelegatingMethodAccessorImpl.java:43)
	at java.lang.reflect.Method.invoke(Method.java:498)
	at org.openqa.selenium.support.events.EventFiringWebDriver$1.invoke(EventFiringWebDriver.java:82)
	at com.sun.proxy.$Proxy7.onException(Unknown Source)
	at org.openqa.selenium.support.events.EventFiringWebDriver$2.invoke(EventFiringWebDriver.java:107)
	at com.sun.proxy.$Proxy8.getScreenshotAs(Unknown Source)
	at org.openqa.selenium.support.events.EventFiringWebDriver.getScreenshotAs(EventFiringWebDriver.java:288)
	at com.pj.loyalty.util.TestUtil.takeScreenshotAtEndOfTest(TestUtil.java:57)
	at com.pj.loyalty.util.WebEventListener.onException(WebEventListener.java:57)
	at sun.reflect.GeneratedMethodAccessor1.invoke(Unknown Source)
	at sun.reflect.DelegatingMethodAccessorImpl.invoke(DelegatingMethodAccessorImpl.java:43)
	at java.lang.reflect.Method.invoke(Method.java:498)
	at org.openqa.selenium.support.events.EventFiringWebDriver$1.invoke(EventFiringWebDriver.java:82)
	at com.sun.proxy.$Proxy7.onException(Unknown Source)
	at org.openqa.selenium.support.events.EventFiringWebDriver$2.invoke(EventFiringWebDriver.java:107)
	at com.sun.proxy.$Proxy8.getScreenshotAs(Unknown Source)
	at org.openqa.selenium.support.events.EventFiringWebDriver.getScreenshotAs(EventFiringWebDriver.java:288)
	at com.pj.loyalty.util.TestUtil.takeScreenshotAtEndOfTest(TestUtil.java:57)
	at com.pj.loyalty.util.WebEventListener.onException(WebEventListener.java:57)
	at sun.reflect.GeneratedMethodAccessor1.invoke(Unknown Source)
	at sun.reflect.DelegatingMethodAccessorImpl.invoke(DelegatingMethodAccessorImpl.java:43)
	at java.lang.reflect.Method.invoke(Method.java:498)
	at org.openqa.selenium.support.events.EventFiringWebDriver$1.invoke(EventFiringWebDriver.java:82)
	at com.sun.proxy.$Proxy7.onException(Unknown Source)
	at org.openqa.selenium.support.events.EventFiringWebDriver$2.invoke(EventFiringWebDriver.java:107)
	at com.sun.proxy.$Proxy8.getScreenshotAs(Unknown Source)
	at org.openqa.selenium.support.events.EventFiringWebDriver.getScreenshotAs(EventFiringWebDriver.java:288)
	at com.pj.loyalty.util.TestUtil.takeScreenshotAtEndOfTest(TestUtil.java:57)
	at com.pj.loyalty.util.WebEventListener.onException(WebEventListener.java:57)
	at sun.reflect.GeneratedMethodAccessor1.invoke(Unknown Source)
	at sun.reflect.DelegatingMethodAccessorImpl.invoke(DelegatingMethodAccessorImpl.java:43)
	at java.lang.reflect.Method.invoke(Method.java:498)
	at org.openqa.selenium.support.events.EventFiringWebDriver$1.invoke(EventFiringWebDriver.java:82)
	at com.sun.proxy.$Proxy7.onException(Unknown Source)
	at org.openqa.selenium.support.events.EventFiringWebDriver$2.invoke(EventFiringWebDriver.java:107)
	at com.sun.proxy.$Proxy8.getScreenshotAs(Unknown Source)
	at org.openqa.selenium.support.events.EventFiringWebDriver.getScreenshotAs(EventFiringWebDriver.java:288)
	at com.pj.loyalty.util.TestUtil.takeScreenshotAtEndOfTest(TestUtil.java:57)
	at com.pj.loyalty.util.WebEventListener.onException(WebEventListener.java:57)
	at sun.reflect.GeneratedMethodAccessor1.invoke(Unknown Source)
	at sun.reflect.DelegatingMethodAccessorImpl.invoke(DelegatingMethodAccessorImpl.java:43)
	at java.lang.reflect.Method.invoke(Method.java:498)
	at org.openqa.selenium.support.events.EventFiringWebDriver$1.invoke(EventFiringWebDriver.java:82)
	at com.sun.proxy.$Proxy7.onException(Unknown Source)
	at org.openqa.selenium.support.events.EventFiringWebDriver$2.invoke(EventFiringWebDriver.java:107)
	at com.sun.proxy.$Proxy8.getScreenshotAs(Unknown Source)
	at org.openqa.selenium.support.events.EventFiringWebDriver.getScreenshotAs(EventFiringWebDriver.java:288)
	at com.pj.loyalty.util.TestUtil.takeScreenshotAtEndOfTest(TestUtil.java:57)
	at com.pj.loyalty.util.WebEventListener.onException(WebEventListener.java:57)
	at sun.reflect.GeneratedMethodAccessor1.invoke(Unknown Source)
	at sun.reflect.DelegatingMethodAccessorImpl.invoke(DelegatingMethodAccessorImpl.java:43)
	at java.lang.reflect.Method.invoke(Method.java:498)
	at org.openqa.selenium.support.events.EventFiringWebDriver$1.invoke(EventFiringWebDriver.java:82)
	at com.sun.proxy.$Proxy7.onException(Unknown Source)
	at org.openqa.selenium.support.events.EventFiringWebDriver$2.invoke(EventFiringWebDriver.java:107)
	at com.sun.proxy.$Proxy8.getScreenshotAs(Unknown Source)
	at org.openqa.selenium.support.events.EventFiringWebDriver.getScreenshotAs(EventFiringWebDriver.java:288)
	at com.pj.loyalty.util.TestUtil.takeScreenshotAtEndOfTest(TestUtil.java:57)
	at com.pj.loyalty.util.WebEventListener.onException(WebEventListener.java:57)
	at sun.reflect.GeneratedMethodAccessor1.invoke(Unknown Source)
	at sun.reflect.DelegatingMethodAccessorImpl.invoke(DelegatingMethodAccessorImpl.java:43)
	at java.lang.reflect.Method.invoke(Method.java:498)
	at org.openqa.selenium.support.events.EventFiringWebDriver$1.invoke(EventFiringWebDriver.java:82)
	at com.sun.proxy.$Proxy7.onException(Unknown Source)
	at org.openqa.selenium.support.events.EventFiringWebDriver$2.invoke(EventFiringWebDriver.java:107)
	at com.sun.proxy.$Proxy8.getScreenshotAs(Unknown Source)
	at org.openqa.selenium.support.events.EventFiringWebDriver.getScreenshotAs(EventFiringWebDriver.java:288)
	at com.pj.loyalty.util.TestUtil.takeScreenshotAtEndOfTest(TestUtil.java:57)
	at com.pj.loyalty.util.WebEventListener.onException(WebEventListener.java:57)
	at sun.reflect.GeneratedMethodAccessor1.invoke(Unknown Source)
	at sun.reflect.DelegatingMethodAccessorImpl.invoke(DelegatingMethodAccessorImpl.java:43)
	at java.lang.reflect.Method.invoke(Method.java:498)
	at org.openqa.selenium.support.events.EventFiringWebDriver$1.invoke(EventFiringWebDriver.java:82)
	at com.sun.proxy.$Proxy7.onException(Unknown Source)
	at org.openqa.selenium.support.events.EventFiringWebDriver$2.invoke(EventFiringWebDriver.java:107)
	at com.sun.proxy.$Proxy8.getScreenshotAs(Unknown Source)
	at org.openqa.selenium.support.events.EventFiringWebDriver.getScreenshotAs(EventFiringWebDriver.java:288)
	at com.pj.loyalty.util.TestUtil.takeScreenshotAtEndOfTest(TestUtil.java:57)
	at com.pj.loyalty.util.WebEventListener.onException(WebEventListener.java:57)
	at sun.reflect.GeneratedMethodAccessor1.invoke(Unknown Source)
	at sun.reflect.DelegatingMethodAccessorImpl.invoke(DelegatingMethodAccessorImpl.java:43)
	at java.lang.reflect.Method.invoke(Method.java:498)
	at org.openqa.selenium.support.events.EventFiringWebDriver$1.invoke(EventFiringWebDriver.java:82)
	at com.sun.proxy.$Proxy7.onException(Unknown Source)
	at org.openqa.selenium.support.events.EventFiringWebDriver$2.invoke(EventFiringWebDriver.java:107)
	at com.sun.proxy.$Proxy8.getScreenshotAs(Unknown Source)
	at org.openqa.selenium.support.events.EventFiringWebDriver.getScreenshotAs(EventFiringWebDriver.java:288)
	at com.pj.loyalty.util.TestUtil.takeScreenshotAtEndOfTest(TestUtil.java:57)
	at com.pj.loyalty.util.WebEventListener.onException(WebEventListener.java:57)
	at sun.reflect.GeneratedMethodAccessor1.invoke(Unknown Source)
	at sun.reflect.DelegatingMethodAccessorImpl.invoke(DelegatingMethodAccessorImpl.java:43)
	at java.lang.reflect.Method.invoke(Method.java:498)
	at org.openqa.selenium.support.events.EventFiringWebDriver$1.invoke(EventFiringWebDriver.java:82)
	at com.sun.proxy.$Proxy7.onException(Unknown Source)
	at org.openqa.selenium.support.events.EventFiringWebDriver$2.invoke(EventFiringWebDriver.java:107)
	at com.sun.proxy.$Proxy8.getScreenshotAs(Unknown Source)
	at org.openqa.selenium.support.events.EventFiringWebDriver.getScreenshotAs(EventFiringWebDriver.java:288)
	at com.pj.loyalty.util.TestUtil.takeScreenshotAtEndOfTest(TestUtil.java:57)
	at com.pj.loyalty.util.WebEventListener.onException(WebEventListener.java:57)
	at sun.reflect.GeneratedMethodAccessor1.invoke(Unknown Source)
	at sun.reflect.DelegatingMethodAccessorImpl.invoke(DelegatingMethodAccessorImpl.java:43)
	at java.lang.reflect.Method.invoke(Method.java:498)
	at org.openqa.selenium.support.events.EventFiringWebDriver$1.invoke(EventFiringWebDriver.java:82)
	at com.sun.proxy.$Proxy7.onException(Unknown Source)
	at org.openqa.selenium.support.events.EventFiringWebDriver$2.invoke(EventFiringWebDriver.java:107)
	at com.sun.proxy.$Proxy8.getScreenshotAs(Unknown Source)
	at org.openqa.selenium.support.events.EventFiringWebDriver.getScreenshotAs(EventFiringWebDriver.java:288)
	at com.pj.loyalty.util.TestUtil.takeScreenshotAtEndOfTest(TestUtil.java:57)
	at com.pj.loyalty.util.WebEventListener.onException(WebEventListener.java:57)
	at sun.reflect.GeneratedMethodAccessor1.invoke(Unknown Source)
	at sun.reflect.DelegatingMethodAccessorImpl.invoke(DelegatingMethodAccessorImpl.java:43)
	at java.lang.reflect.Method.invoke(Method.java:498)
	at org.openqa.selenium.support.events.EventFiringWebDriver$1.invoke(EventFiringWebDriver.java:82)
	at com.sun.proxy.$Proxy7.onException(Unknown Source)
	at org.openqa.selenium.support.events.EventFiringWebDriver$2.invoke(EventFiringWebDriver.java:107)
	at com.sun.proxy.$Proxy8.getScreenshotAs(Unknown Source)
	at org.openqa.selenium.support.events.EventFiringWebDriver.getScreenshotAs(EventFiringWebDriver.java:288)
	at com.pj.loyalty.util.TestUtil.takeScreenshotAtEndOfTest(TestUtil.java:57)
	at com.pj.loyalty.util.WebEventListener.onException(WebEventListener.java:57)
	at sun.reflect.GeneratedMethodAccessor1.invoke(Unknown Source)
	at sun.reflect.DelegatingMethodAccessorImpl.invoke(DelegatingMethodAccessorImpl.java:43)
	at java.lang.reflect.Method.invoke(Method.java:498)
	at org.openqa.selenium.support.events.EventFiringWebDriver$1.invoke(EventFiringWebDriver.java:82)
	at com.sun.proxy.$Proxy7.onException(Unknown Source)
	at org.openqa.selenium.support.events.EventFiringWebDriver$2.invoke(EventFiringWebDriver.java:107)
	at com.sun.proxy.$Proxy8.getScreenshotAs(Unknown Source)
	at org.openqa.selenium.support.events.EventFiringWebDriver.getScreenshotAs(EventFiringWebDriver.java:288)
	at com.pj.loyalty.util.TestUtil.takeScreenshotAtEndOfTest(TestUtil.java:57)
	at com.pj.loyalty.util.WebEventListener.onException(WebEventListener.java:57)
	at sun.reflect.GeneratedMethodAccessor1.invoke(Unknown Source)
	at sun.reflect.DelegatingMethodAccessorImpl.invoke(DelegatingMethodAccessorImpl.java:43)
	at java.lang.reflect.Method.invoke(Method.java:498)
	at org.openqa.selenium.support.events.EventFiringWebDriver$1.invoke(EventFiringWebDriver.java:82)
	at com.sun.proxy.$Proxy7.onException(Unknown Source)
	at org.openqa.selenium.support.events.EventFiringWebDriver$2.invoke(EventFiringWebDriver.java:107)
	at com.sun.proxy.$Proxy8.getScreenshotAs(Unknown Source)
	at org.openqa.selenium.support.events.EventFiringWebDriver.getScreenshotAs(EventFiringWebDriver.java:288)
	at com.pj.loyalty.util.TestUtil.takeScreenshotAtEndOfTest(TestUtil.java:57)
	at com.pj.loyalty.util.WebEventListener.onException(WebEventListener.java:57)
	at sun.reflect.GeneratedMethodAccessor1.invoke(Unknown Source)
	at sun.reflect.DelegatingMethodAccessorImpl.invoke(DelegatingMethodAccessorImpl.java:43)
	at java.lang.reflect.Method.invoke(Method.java:498)
	at org.openqa.selenium.support.events.EventFiringWebDriver$1.invoke(EventFiringWebDriver.java:82)
	at com.sun.proxy.$Proxy7.onException(Unknown Source)
	at org.openqa.selenium.support.events.EventFiringWebDriver$2.invoke(EventFiringWebDriver.java:107)
	at com.sun.proxy.$Proxy8.getScreenshotAs(Unknown Source)
	at org.openqa.selenium.support.events.EventFiringWebDriver.getScreenshotAs(EventFiringWebDriver.java:288)
	at com.pj.loyalty.util.TestUtil.takeScreenshotAtEndOfTest(TestUtil.java:57)
	at com.pj.loyalty.util.WebEventListener.onException(WebEventListener.java:57)
	at sun.reflect.GeneratedMethodAccessor1.invoke(Unknown Source)
	at sun.reflect.DelegatingMethodAccessorImpl.invoke(DelegatingMethodAccessorImpl.java:43)
	at java.lang.reflect.Method.invoke(Method.java:498)
	at org.openqa.selenium.support.events.EventFiringWebDriver$1.invoke(EventFiringWebDriver.java:82)
	at com.sun.proxy.$Proxy7.onException(Unknown Source)
	at org.openqa.selenium.support.events.EventFiringWebDriver$2.invoke(EventFiringWebDriver.java:107)
	at com.sun.proxy.$Proxy8.getScreenshotAs(Unknown Source)
	at org.openqa.selenium.support.events.EventFiringWebDriver.getScreenshotAs(EventFiringWebDriver.java:288)
	at com.pj.loyalty.util.TestUtil.takeScreenshotAtEndOfTest(TestUtil.java:57)
	at com.pj.loyalty.util.WebEventListener.onException(WebEventListener.java:57)
	at sun.reflect.GeneratedMethodAccessor1.invoke(Unknown Source)
]]>
    </error>
  </testcase> <!-- verifyLoginTest -->
  <testcase name="verifyLoginTest" time="13.544" classname="com.pj.loyalty.testcases.HomePageTestCase">
    <error type="java.lang.NullPointerException">
      <![CDATA[java.lang.NullPointerException
	at org.openqa.selenium.support.events.EventFiringWebDriver.extractInterfaces(EventFiringWebDriver.java:121)
	at org.openqa.selenium.support.events.EventFiringWebDriver.access$500(EventFiringWebDriver.java:67)
	at org.openqa.selenium.support.events.EventFiringWebDriver$EventFiringWebElement.<init>(EventFiringWebDriver.java:343)
	at org.openqa.selenium.support.events.EventFiringWebDriver$EventFiringWebElement.<init>(EventFiringWebDriver.java:335)
	at org.openqa.selenium.support.events.EventFiringWebDriver.createWebElement(EventFiringWebDriver.java:308)
	at org.openqa.selenium.support.events.EventFiringWebDriver.findElement(EventFiringWebDriver.java:191)
	at com.pj.loyalty.pages.HomePage.loginStatus(HomePage.java:38)
	at com.pj.loyalty.testcases.HomePageTestCase.verifyLoginTest(HomePageTestCase.java:67)
	at sun.reflect.NativeMethodAccessorImpl.invoke0(Native Method)
	at sun.reflect.NativeMethodAccessorImpl.invoke(NativeMethodAccessorImpl.java:62)
	at sun.reflect.DelegatingMethodAccessorImpl.invoke(DelegatingMethodAccessorImpl.java:43)
	at java.lang.reflect.Method.invoke(Method.java:498)
	at org.testng.internal.MethodInvocationHelper.invokeMethod(MethodInvocationHelper.java:108)
	at org.testng.internal.Invoker.invokeMethod(Invoker.java:661)
	at org.testng.internal.Invoker.invokeTestMethod(Invoker.java:869)
	at org.testng.internal.Invoker.invokeTestMethods(Invoker.java:1193)
	at org.testng.internal.TestMethodWorker.invokeTestMethods(TestMethodWorker.java:126)
	at org.testng.internal.TestMethodWorker.run(TestMethodWorker.java:109)
	at org.testng.TestRunner.privateRun(TestRunner.java:744)
	at org.testng.TestRunner.run(TestRunner.java:602)
	at org.testng.SuiteRunner.runTest(SuiteRunner.java:380)
	at org.testng.SuiteRunner.runSequentially(SuiteRunner.java:375)
	at org.testng.SuiteRunner.privateRun(SuiteRunner.java:340)
	at org.testng.SuiteRunner.run(SuiteRunner.java:289)
	at org.testng.SuiteRunnerWorker.runSuite(SuiteRunnerWorker.java:52)
	at org.testng.SuiteRunnerWorker.run(SuiteRunnerWorker.java:86)
	at org.testng.TestNG.runSuitesSequentially(TestNG.java:1301)
	at org.testng.TestNG.runSuitesLocally(TestNG.java:1226)
	at org.testng.TestNG.runSuites(TestNG.java:1144)
	at org.testng.TestNG.run(TestNG.java:1115)
	at org.testng.remote.AbstractRemoteTestNG.run(AbstractRemoteTestNG.java:114)
	at org.testng.remote.RemoteTestNG.initAndRun(RemoteTestNG.java:251)
	at org.testng.remote.RemoteTestNG.main(RemoteTestNG.java:77)
]]>
    </error>
  </testcase> <!-- verifyLoginTest -->
</testsuite> <!-- com.pj.loyalty.testcases.HomePageTestCase -->
